<?xml version="1.0" encoding="UTF-8"?>
<!-- Generated by org.testng.reporters.JUnitXMLReporter -->
<testsuite ignored="0" hostname="DESKTOP-ITILOB1" failures="0" tests="200" name="Default test" time="401.569" errors="0" timestamp="2024-11-20T17:57:55 IST">
  <testcase classname="APIs.Create_PreLaunch_Requests" name="ChaseRequest_With_Single_Matching_RG_01" time="3.167"/>
  <testcase classname="APIs.Create_PreLaunch_Requests" name="ChaseRequest_With_Single_Matching_RG_01" time="1.306"/>
  <testcase classname="APIs.Create_PreLaunch_Requests" name="ChaseRequest_With_Single_Matching_RG_01" time="1.294"/>
  <testcase classname="APIs.Create_PreLaunch_Requests" name="ChaseRequest_With_Single_Matching_RG_01" time="1.283"/>
  <testcase classname="APIs.Create_PreLaunch_Requests" name="ChaseRequest_With_Single_Matching_RG_01" time="3.353"/>
  <testcase classname="APIs.Create_PreLaunch_Requests" name="ChaseRequest_With_Single_Matching_RG_01" time="1.221"/>
  <testcase classname="APIs.Create_PreLaunch_Requests" name="ChaseRequest_With_Single_Matching_RG_01" time="1.229"/>
  <testcase classname="APIs.Create_PreLaunch_Requests" name="ChaseRequest_With_Single_Matching_RG_01" time="1.227"/>
  <testcase classname="APIs.Create_PreLaunch_Requests" name="ChaseRequest_With_Single_Matching_RG_01" time="1.257"/>
  <testcase classname="APIs.Create_PreLaunch_Requests" name="ChaseRequest_With_Single_Matching_RG_01" time="1.225"/>
  <testcase classname="APIs.Create_PreLaunch_Requests" name="ChaseRequest_With_Single_Matching_RG_01" time="1.357"/>
  <testcase classname="APIs.Create_PreLaunch_Requests" name="ChaseRequest_With_Single_Matching_RG_01" time="1.244"/>
  <testcase classname="APIs.Create_PreLaunch_Requests" name="ChaseRequest_With_Single_Matching_RG_01" time="1.232"/>
  <testcase classname="APIs.Create_PreLaunch_Requests" name="ChaseRequest_With_Single_Matching_RG_01" time="1.247"/>
  <testcase classname="APIs.Create_PreLaunch_Requests" name="ChaseRequest_With_Single_Matching_RG_01" time="1.23"/>
  <testcase classname="APIs.Create_PreLaunch_Requests" name="ChaseRequest_With_Single_Matching_RG_01" time="1.241"/>
  <testcase classname="APIs.Create_PreLaunch_Requests" name="ChaseRequest_With_Single_Matching_RG_01" time="1.247"/>
  <testcase classname="APIs.Create_PreLaunch_Requests" name="ChaseRequest_With_Single_Matching_RG_01" time="1.273"/>
  <testcase classname="APIs.Create_PreLaunch_Requests" name="ChaseRequest_With_Single_Matching_RG_01" time="2.3"/>
  <testcase classname="APIs.Create_PreLaunch_Requests" name="ChaseRequest_With_Single_Matching_RG_01" time="1.269"/>
  <testcase classname="APIs.Create_PreLaunch_Requests" name="ChaseRequest_With_Single_Matching_RG_01" time="1.191"/>
  <testcase classname="APIs.Create_PreLaunch_Requests" name="ChaseRequest_With_Single_Matching_RG_01" time="1.239"/>
  <testcase classname="APIs.Create_PreLaunch_Requests" name="ChaseRequest_With_Single_Matching_RG_01" time="1.434"/>
  <testcase classname="APIs.Create_PreLaunch_Requests" name="ChaseRequest_With_Single_Matching_RG_01" time="1.245"/>
  <testcase classname="APIs.Create_PreLaunch_Requests" name="ChaseRequest_With_Single_Matching_RG_01" time="1.219"/>
  <testcase classname="APIs.Create_PreLaunch_Requests" name="ChaseRequest_With_Single_Matching_RG_01" time="1.297"/>
  <testcase classname="APIs.Create_PreLaunch_Requests" name="ChaseRequest_With_Single_Matching_RG_01" time="1.256"/>
  <testcase classname="APIs.Create_PreLaunch_Requests" name="ChaseRequest_With_Single_Matching_RG_01" time="1.277"/>
  <testcase classname="APIs.Create_PreLaunch_Requests" name="ChaseRequest_With_Single_Matching_RG_01" time="1.233"/>
  <testcase classname="APIs.Create_PreLaunch_Requests" name="ChaseRequest_With_Single_Matching_RG_01" time="1.26"/>
  <testcase classname="APIs.Create_PreLaunch_Requests" name="ChaseRequest_With_Single_Matching_RG_01" time="1.244"/>
  <testcase classname="APIs.Create_PreLaunch_Requests" name="ChaseRequest_With_Single_Matching_RG_01" time="1.231"/>
  <testcase classname="APIs.Create_PreLaunch_Requests" name="ChaseRequest_With_Single_Matching_RG_01" time="1.215"/>
  <testcase classname="APIs.Create_PreLaunch_Requests" name="ChaseRequest_With_Single_Matching_RG_01" time="1.239"/>
  <testcase classname="APIs.Create_PreLaunch_Requests" name="ChaseRequest_With_Single_Matching_RG_01" time="1.246"/>
  <testcase classname="APIs.Create_PreLaunch_Requests" name="ChaseRequest_With_Single_Matching_RG_01" time="1.199"/>
  <testcase classname="APIs.Create_PreLaunch_Requests" name="ChaseRequest_With_Single_Matching_RG_01" time="1.244"/>
  <testcase classname="APIs.Create_PreLaunch_Requests" name="ChaseRequest_With_Single_Matching_RG_01" time="1.199"/>
  <testcase classname="APIs.Create_PreLaunch_Requests" name="ChaseRequest_With_Single_Matching_RG_01" time="1.233"/>
  <testcase classname="APIs.Create_PreLaunch_Requests" name="ChaseRequest_With_Single_Matching_RG_01" time="1.251"/>
  <testcase classname="APIs.Create_PreLaunch_Requests" name="ChaseRequest_With_Single_Matching_RG_01" time="1.454"/>
  <testcase classname="APIs.Create_PreLaunch_Requests" name="ChaseRequest_With_Single_Matching_RG_01" time="1.293"/>
  <testcase classname="APIs.Create_PreLaunch_Requests" name="ChaseRequest_With_Single_Matching_RG_01" time="1.272"/>
  <testcase classname="APIs.Create_PreLaunch_Requests" name="ChaseRequest_With_Single_Matching_RG_01" time="1.24"/>
  <testcase classname="APIs.Create_PreLaunch_Requests" name="ChaseRequest_With_Single_Matching_RG_01" time="1.224"/>
  <testcase classname="APIs.Create_PreLaunch_Requests" name="ChaseRequest_With_Single_Matching_RG_01" time="1.193"/>
  <testcase classname="APIs.Create_PreLaunch_Requests" name="ChaseRequest_With_Single_Matching_RG_01" time="1.436"/>
  <testcase classname="APIs.Create_PreLaunch_Requests" name="ChaseRequest_With_Single_Matching_RG_01" time="1.102"/>
  <testcase classname="APIs.Create_PreLaunch_Requests" name="ChaseRequest_With_Single_Matching_RG_01" time="1.112"/>
  <testcase classname="APIs.Create_PreLaunch_Requests" name="ChaseRequest_With_Single_Matching_RG_01" time="1.159"/>
  <testcase classname="APIs.Create_PreLaunch_Requests" name="ChaseRequest_With_Single_Matching_RG_01" time="1.935"/>
  <testcase classname="APIs.Create_PreLaunch_Requests" name="ChaseRequest_With_Single_Matching_RG_01" time="1.082"/>
  <testcase classname="APIs.Create_PreLaunch_Requests" name="ChaseRequest_With_Single_Matching_RG_01" time="1.104"/>
  <testcase classname="APIs.Create_PreLaunch_Requests" name="ChaseRequest_With_Single_Matching_RG_01" time="1.13"/>
  <testcase classname="APIs.Create_PreLaunch_Requests" name="ChaseRequest_With_Single_Matching_RG_01" time="1.235"/>
  <testcase classname="APIs.Create_PreLaunch_Requests" name="ChaseRequest_With_Single_Matching_RG_01" time="1.094"/>
  <testcase classname="APIs.Create_PreLaunch_Requests" name="ChaseRequest_With_Single_Matching_RG_01" time="1.147"/>
  <testcase classname="APIs.Create_PreLaunch_Requests" name="ChaseRequest_With_Single_Matching_RG_01" time="1.078"/>
  <testcase classname="APIs.Create_PreLaunch_Requests" name="ChaseRequest_With_Single_Matching_RG_01" time="1.169"/>
  <testcase classname="APIs.Create_PreLaunch_Requests" name="ChaseRequest_With_Single_Matching_RG_01" time="1.082"/>
  <testcase classname="APIs.Create_PreLaunch_Requests" name="ChaseRequest_With_Single_Matching_RG_01" time="1.101"/>
  <testcase classname="APIs.Create_PreLaunch_Requests" name="ChaseRequest_With_Single_Matching_RG_01" time="1.159"/>
  <testcase classname="APIs.Create_PreLaunch_Requests" name="ChaseRequest_With_Single_Matching_RG_01" time="1.107"/>
  <testcase classname="APIs.Create_PreLaunch_Requests" name="ChaseRequest_With_Single_Matching_RG_01" time="1.099"/>
  <testcase classname="APIs.Create_PreLaunch_Requests" name="ChaseRequest_With_Single_Matching_RG_01" time="1.132"/>
  <testcase classname="APIs.Create_PreLaunch_Requests" name="ChaseRequest_With_Single_Matching_RG_01" time="1.092"/>
  <testcase classname="APIs.Create_PreLaunch_Requests" name="ChaseRequest_With_Single_Matching_RG_01" time="1.118"/>
  <testcase classname="APIs.Create_PreLaunch_Requests" name="ChaseRequest_With_Single_Matching_RG_01" time="1.099"/>
  <testcase classname="APIs.Create_PreLaunch_Requests" name="ChaseRequest_With_Single_Matching_RG_01" time="1.109"/>
  <testcase classname="APIs.Create_PreLaunch_Requests" name="ChaseRequest_With_Single_Matching_RG_01" time="1.119"/>
  <testcase classname="APIs.Create_PreLaunch_Requests" name="ChaseRequest_With_Single_Matching_RG_01" time="1.09"/>
  <testcase classname="APIs.Create_PreLaunch_Requests" name="ChaseRequest_With_Single_Matching_RG_01" time="1.092"/>
  <testcase classname="APIs.Create_PreLaunch_Requests" name="ChaseRequest_With_Single_Matching_RG_01" time="1.087"/>
  <testcase classname="APIs.Create_PreLaunch_Requests" name="ChaseRequest_With_Single_Matching_RG_01" time="1.391"/>
  <testcase classname="APIs.Create_PreLaunch_Requests" name="ChaseRequest_With_Single_Matching_RG_01" time="1.097"/>
  <testcase classname="APIs.Create_PreLaunch_Requests" name="ChaseRequest_With_Single_Matching_RG_01" time="1.086"/>
  <testcase classname="APIs.Create_PreLaunch_Requests" name="ChaseRequest_With_Single_Matching_RG_01" time="1.095"/>
  <testcase classname="APIs.Create_PreLaunch_Requests" name="ChaseRequest_With_Single_Matching_RG_01" time="1.123"/>
  <testcase classname="APIs.Create_PreLaunch_Requests" name="ChaseRequest_With_Single_Matching_RG_01" time="1.105"/>
  <testcase classname="APIs.Create_PreLaunch_Requests" name="ChaseRequest_With_Single_Matching_RG_01" time="1.086"/>
  <testcase classname="APIs.Create_PreLaunch_Requests" name="ChaseRequest_With_Single_Matching_RG_01" time="1.076"/>
  <testcase classname="APIs.Create_PreLaunch_Requests" name="ChaseRequest_With_Single_Matching_RG_01" time="1.097"/>
  <testcase classname="APIs.Create_PreLaunch_Requests" name="ChaseRequest_With_Single_Matching_RG_01" time="1.101"/>
  <testcase classname="APIs.Create_PreLaunch_Requests" name="ChaseRequest_With_Single_Matching_RG_01" time="1.09"/>
  <testcase classname="APIs.Create_PreLaunch_Requests" name="ChaseRequest_With_Single_Matching_RG_01" time="1.125"/>
  <testcase classname="APIs.Create_PreLaunch_Requests" name="ChaseRequest_With_Single_Matching_RG_01" time="1.252"/>
  <testcase classname="APIs.Create_PreLaunch_Requests" name="ChaseRequest_With_Single_Matching_RG_01" time="1.111"/>
  <testcase classname="APIs.Create_PreLaunch_Requests" name="ChaseRequest_With_Single_Matching_RG_01" time="1.11"/>
  <testcase classname="APIs.Create_PreLaunch_Requests" name="ChaseRequest_With_Single_Matching_RG_01" time="1.116"/>
  <testcase classname="APIs.Create_PreLaunch_Requests" name="ChaseRequest_With_Single_Matching_RG_01" time="1.119"/>
  <testcase classname="APIs.Create_PreLaunch_Requests" name="ChaseRequest_With_Single_Matching_RG_01" time="1.094"/>
  <testcase classname="APIs.Create_PreLaunch_Requests" name="ChaseRequest_With_Single_Matching_RG_01" time="1.123"/>
  <testcase classname="APIs.Create_PreLaunch_Requests" name="ChaseRequest_With_Single_Matching_RG_01" time="1.112"/>
  <testcase classname="APIs.Create_PreLaunch_Requests" name="ChaseRequest_With_Single_Matching_RG_01" time="1.135"/>
  <testcase classname="APIs.Create_PreLaunch_Requests" name="ChaseRequest_With_Single_Matching_RG_01" time="1.156"/>
  <testcase classname="APIs.Create_PreLaunch_Requests" name="ChaseRequest_With_Single_Matching_RG_01" time="1.16"/>
  <testcase classname="APIs.Create_PreLaunch_Requests" name="ChaseRequest_With_Single_Matching_RG_01" time="1.432"/>
  <testcase classname="APIs.Create_PreLaunch_Requests" name="ChaseRequest_With_Single_Matching_RG_01" time="1.095"/>
  <testcase classname="APIs.Create_PreLaunch_Requests" name="ChaseRequest_With_Single_Matching_RG_01" time="1.103"/>
  <testcase classname="APIs.Create_PreLaunch_Requests" name="ChaseRequest_With_Single_Matching_RG_01" time="1.113"/>
  <testcase classname="APIs.Create_PreLaunch_Requests" name="ChaseRequest_With_Single_Matching_RG_02" time="3.656"/>
  <testcase classname="APIs.Create_PreLaunch_Requests" name="ChaseRequest_With_Single_Matching_RG_02" time="2.706"/>
  <testcase classname="APIs.Create_PreLaunch_Requests" name="ChaseRequest_With_Single_Matching_RG_02" time="4.292"/>
  <testcase classname="APIs.Create_PreLaunch_Requests" name="ChaseRequest_With_Single_Matching_RG_02" time="2.485"/>
  <testcase classname="APIs.Create_PreLaunch_Requests" name="ChaseRequest_With_Single_Matching_RG_02" time="2.837"/>
  <testcase classname="APIs.Create_PreLaunch_Requests" name="ChaseRequest_With_Single_Matching_RG_02" time="2.828"/>
  <testcase classname="APIs.Create_PreLaunch_Requests" name="ChaseRequest_With_Single_Matching_RG_02" time="2.725"/>
  <testcase classname="APIs.Create_PreLaunch_Requests" name="ChaseRequest_With_Single_Matching_RG_02" time="2.649"/>
  <testcase classname="APIs.Create_PreLaunch_Requests" name="ChaseRequest_With_Single_Matching_RG_02" time="2.617"/>
  <testcase classname="APIs.Create_PreLaunch_Requests" name="ChaseRequest_With_Single_Matching_RG_02" time="2.615"/>
  <testcase classname="APIs.Create_PreLaunch_Requests" name="ChaseRequest_With_Single_Matching_RG_02" time="2.902"/>
  <testcase classname="APIs.Create_PreLaunch_Requests" name="ChaseRequest_With_Single_Matching_RG_02" time="3.147"/>
  <testcase classname="APIs.Create_PreLaunch_Requests" name="ChaseRequest_With_Single_Matching_RG_02" time="2.663"/>
  <testcase classname="APIs.Create_PreLaunch_Requests" name="ChaseRequest_With_Single_Matching_RG_02" time="2.55"/>
  <testcase classname="APIs.Create_PreLaunch_Requests" name="ChaseRequest_With_Single_Matching_RG_02" time="2.472"/>
  <testcase classname="APIs.Create_PreLaunch_Requests" name="ChaseRequest_With_Single_Matching_RG_02" time="2.908"/>
  <testcase classname="APIs.Create_PreLaunch_Requests" name="ChaseRequest_With_Single_Matching_RG_02" time="2.886"/>
  <testcase classname="APIs.Create_PreLaunch_Requests" name="ChaseRequest_With_Single_Matching_RG_02" time="2.607"/>
  <testcase classname="APIs.Create_PreLaunch_Requests" name="ChaseRequest_With_Single_Matching_RG_02" time="2.475"/>
  <testcase classname="APIs.Create_PreLaunch_Requests" name="ChaseRequest_With_Single_Matching_RG_02" time="2.866"/>
  <testcase classname="APIs.Create_PreLaunch_Requests" name="ChaseRequest_With_Single_Matching_RG_02" time="2.822"/>
  <testcase classname="APIs.Create_PreLaunch_Requests" name="ChaseRequest_With_Single_Matching_RG_02" time="6.639"/>
  <testcase classname="APIs.Create_PreLaunch_Requests" name="ChaseRequest_With_Single_Matching_RG_02" time="3.13"/>
  <testcase classname="APIs.Create_PreLaunch_Requests" name="ChaseRequest_With_Single_Matching_RG_02" time="2.289"/>
  <testcase classname="APIs.Create_PreLaunch_Requests" name="ChaseRequest_With_Single_Matching_RG_02" time="2.696"/>
  <testcase classname="APIs.Create_PreLaunch_Requests" name="ChaseRequest_With_Single_Matching_RG_02" time="2.53"/>
  <testcase classname="APIs.Create_PreLaunch_Requests" name="ChaseRequest_With_Single_Matching_RG_02" time="2.485"/>
  <testcase classname="APIs.Create_PreLaunch_Requests" name="ChaseRequest_With_Single_Matching_RG_02" time="2.53"/>
  <testcase classname="APIs.Create_PreLaunch_Requests" name="ChaseRequest_With_Single_Matching_RG_02" time="2.38"/>
  <testcase classname="APIs.Create_PreLaunch_Requests" name="ChaseRequest_With_Single_Matching_RG_02" time="2.349"/>
  <testcase classname="APIs.Create_PreLaunch_Requests" name="ChaseRequest_With_Single_Matching_RG_02" time="2.547"/>
  <testcase classname="APIs.Create_PreLaunch_Requests" name="ChaseRequest_With_Single_Matching_RG_02" time="2.301"/>
  <testcase classname="APIs.Create_PreLaunch_Requests" name="ChaseRequest_With_Single_Matching_RG_02" time="2.553"/>
  <testcase classname="APIs.Create_PreLaunch_Requests" name="ChaseRequest_With_Single_Matching_RG_02" time="2.326"/>
  <testcase classname="APIs.Create_PreLaunch_Requests" name="ChaseRequest_With_Single_Matching_RG_02" time="2.487"/>
  <testcase classname="APIs.Create_PreLaunch_Requests" name="ChaseRequest_With_Single_Matching_RG_02" time="2.823"/>
  <testcase classname="APIs.Create_PreLaunch_Requests" name="ChaseRequest_With_Single_Matching_RG_02" time="2.533"/>
  <testcase classname="APIs.Create_PreLaunch_Requests" name="ChaseRequest_With_Single_Matching_RG_02" time="2.405"/>
  <testcase classname="APIs.Create_PreLaunch_Requests" name="ChaseRequest_With_Single_Matching_RG_02" time="2.592"/>
  <testcase classname="APIs.Create_PreLaunch_Requests" name="ChaseRequest_With_Single_Matching_RG_02" time="3.026"/>
  <testcase classname="APIs.Create_PreLaunch_Requests" name="ChaseRequest_With_Single_Matching_RG_02" time="2.34"/>
  <testcase classname="APIs.Create_PreLaunch_Requests" name="ChaseRequest_With_Single_Matching_RG_02" time="2.381"/>
  <testcase classname="APIs.Create_PreLaunch_Requests" name="ChaseRequest_With_Single_Matching_RG_02" time="4.406"/>
  <testcase classname="APIs.Create_PreLaunch_Requests" name="ChaseRequest_With_Single_Matching_RG_02" time="2.328"/>
  <testcase classname="APIs.Create_PreLaunch_Requests" name="ChaseRequest_With_Single_Matching_RG_02" time="2.502"/>
  <testcase classname="APIs.Create_PreLaunch_Requests" name="ChaseRequest_With_Single_Matching_RG_02" time="2.525"/>
  <testcase classname="APIs.Create_PreLaunch_Requests" name="ChaseRequest_With_Single_Matching_RG_02" time="2.568"/>
  <testcase classname="APIs.Create_PreLaunch_Requests" name="ChaseRequest_With_Single_Matching_RG_02" time="3.249"/>
  <testcase classname="APIs.Create_PreLaunch_Requests" name="ChaseRequest_With_Single_Matching_RG_02" time="7.322"/>
  <testcase classname="APIs.Create_PreLaunch_Requests" name="ChaseRequest_With_Single_Matching_RG_02" time="2.449"/>
  <testcase classname="APIs.Create_PreLaunch_Requests" name="ChaseRequest_With_Single_Matching_RG_02" time="2.3"/>
  <testcase classname="APIs.Create_PreLaunch_Requests" name="ChaseRequest_With_Single_Matching_RG_02" time="2.345"/>
  <testcase classname="APIs.Create_PreLaunch_Requests" name="ChaseRequest_With_Single_Matching_RG_02" time="2.289"/>
  <testcase classname="APIs.Create_PreLaunch_Requests" name="ChaseRequest_With_Single_Matching_RG_02" time="2.309"/>
  <testcase classname="APIs.Create_PreLaunch_Requests" name="ChaseRequest_With_Single_Matching_RG_02" time="2.59"/>
  <testcase classname="APIs.Create_PreLaunch_Requests" name="ChaseRequest_With_Single_Matching_RG_02" time="2.464"/>
  <testcase classname="APIs.Create_PreLaunch_Requests" name="ChaseRequest_With_Single_Matching_RG_02" time="2.505"/>
  <testcase classname="APIs.Create_PreLaunch_Requests" name="ChaseRequest_With_Single_Matching_RG_02" time="2.54"/>
  <testcase classname="APIs.Create_PreLaunch_Requests" name="ChaseRequest_With_Single_Matching_RG_02" time="2.644"/>
  <testcase classname="APIs.Create_PreLaunch_Requests" name="ChaseRequest_With_Single_Matching_RG_02" time="2.57"/>
  <testcase classname="APIs.Create_PreLaunch_Requests" name="ChaseRequest_With_Single_Matching_RG_02" time="2.314"/>
  <testcase classname="APIs.Create_PreLaunch_Requests" name="ChaseRequest_With_Single_Matching_RG_02" time="2.591"/>
  <testcase classname="APIs.Create_PreLaunch_Requests" name="ChaseRequest_With_Single_Matching_RG_02" time="2.646"/>
  <testcase classname="APIs.Create_PreLaunch_Requests" name="ChaseRequest_With_Single_Matching_RG_02" time="2.382"/>
  <testcase classname="APIs.Create_PreLaunch_Requests" name="ChaseRequest_With_Single_Matching_RG_02" time="2.565"/>
  <testcase classname="APIs.Create_PreLaunch_Requests" name="ChaseRequest_With_Single_Matching_RG_02" time="2.526"/>
  <testcase classname="APIs.Create_PreLaunch_Requests" name="ChaseRequest_With_Single_Matching_RG_02" time="2.517"/>
  <testcase classname="APIs.Create_PreLaunch_Requests" name="ChaseRequest_With_Single_Matching_RG_02" time="2.585"/>
  <testcase classname="APIs.Create_PreLaunch_Requests" name="ChaseRequest_With_Single_Matching_RG_02" time="2.564"/>
  <testcase classname="APIs.Create_PreLaunch_Requests" name="ChaseRequest_With_Single_Matching_RG_02" time="2.647"/>
  <testcase classname="APIs.Create_PreLaunch_Requests" name="ChaseRequest_With_Single_Matching_RG_02" time="3.069"/>
  <testcase classname="APIs.Create_PreLaunch_Requests" name="ChaseRequest_With_Single_Matching_RG_02" time="2.423"/>
  <testcase classname="APIs.Create_PreLaunch_Requests" name="ChaseRequest_With_Single_Matching_RG_02" time="2.466"/>
  <testcase classname="APIs.Create_PreLaunch_Requests" name="ChaseRequest_With_Single_Matching_RG_02" time="2.836"/>
  <testcase classname="APIs.Create_PreLaunch_Requests" name="ChaseRequest_With_Single_Matching_RG_02" time="2.641"/>
  <testcase classname="APIs.Create_PreLaunch_Requests" name="ChaseRequest_With_Single_Matching_RG_02" time="2.653"/>
  <testcase classname="APIs.Create_PreLaunch_Requests" name="ChaseRequest_With_Single_Matching_RG_02" time="2.701"/>
  <testcase classname="APIs.Create_PreLaunch_Requests" name="ChaseRequest_With_Single_Matching_RG_02" time="2.441"/>
  <testcase classname="APIs.Create_PreLaunch_Requests" name="ChaseRequest_With_Single_Matching_RG_02" time="2.632"/>
  <testcase classname="APIs.Create_PreLaunch_Requests" name="ChaseRequest_With_Single_Matching_RG_02" time="2.463"/>
  <testcase classname="APIs.Create_PreLaunch_Requests" name="ChaseRequest_With_Single_Matching_RG_02" time="2.686"/>
  <testcase classname="APIs.Create_PreLaunch_Requests" name="ChaseRequest_With_Single_Matching_RG_02" time="2.625"/>
  <testcase classname="APIs.Create_PreLaunch_Requests" name="ChaseRequest_With_Single_Matching_RG_02" time="3.023"/>
  <testcase classname="APIs.Create_PreLaunch_Requests" name="ChaseRequest_With_Single_Matching_RG_02" time="2.443"/>
  <testcase classname="APIs.Create_PreLaunch_Requests" name="ChaseRequest_With_Single_Matching_RG_02" time="2.416"/>
  <testcase classname="APIs.Create_PreLaunch_Requests" name="ChaseRequest_With_Single_Matching_RG_02" time="2.635"/>
  <testcase classname="APIs.Create_PreLaunch_Requests" name="ChaseRequest_With_Single_Matching_RG_02" time="2.494"/>
  <testcase classname="APIs.Create_PreLaunch_Requests" name="ChaseRequest_With_Single_Matching_RG_02" time="2.445"/>
  <testcase classname="APIs.Create_PreLaunch_Requests" name="ChaseRequest_With_Single_Matching_RG_02" time="4.589"/>
  <testcase classname="APIs.Create_PreLaunch_Requests" name="ChaseRequest_With_Single_Matching_RG_02" time="4.362"/>
  <testcase classname="APIs.Create_PreLaunch_Requests" name="ChaseRequest_With_Single_Matching_RG_02" time="2.442"/>
  <testcase classname="APIs.Create_PreLaunch_Requests" name="ChaseRequest_With_Single_Matching_RG_02" time="2.771"/>
  <testcase classname="APIs.Create_PreLaunch_Requests" name="ChaseRequest_With_Single_Matching_RG_02" time="2.459"/>
  <testcase classname="APIs.Create_PreLaunch_Requests" name="ChaseRequest_With_Single_Matching_RG_02" time="3.152"/>
  <testcase classname="APIs.Create_PreLaunch_Requests" name="ChaseRequest_With_Single_Matching_RG_02" time="2.594"/>
  <testcase classname="APIs.Create_PreLaunch_Requests" name="ChaseRequest_With_Single_Matching_RG_02" time="2.496"/>
  <testcase classname="APIs.Create_PreLaunch_Requests" name="ChaseRequest_With_Single_Matching_RG_02" time="2.623"/>
  <testcase classname="APIs.Create_PreLaunch_Requests" name="ChaseRequest_With_Single_Matching_RG_02" time="2.631"/>
  <testcase classname="APIs.Create_PreLaunch_Requests" name="ChaseRequest_With_Single_Matching_RG_02" time="2.479"/>
  <testcase classname="APIs.Create_PreLaunch_Requests" name="ChaseRequest_With_Single_Matching_RG_02" time="2.408"/>
</testsuite> <!-- Default test -->
