<?xml version="1.0" encoding="UTF-8"?>
<!-- Generated by org.testng.reporters.JUnitXMLReporter -->
<testsuite ignored="0" hostname="DESKTOP-ITILOB1" failures="0" tests="5" name="Default test" time="9.927" errors="0" timestamp="2024-10-24T12:01:51 IST">
  <testcase classname="APIs.Create_PreLaunch_Requests" name="ChaseRequest_With_Single_Matching_RG_01" time="5.731"/>
  <testcase classname="APIs.Create_PreLaunch_Requests" name="ChaseRequest_With_Single_Matching_RG_01" time="1.239"/>
  <testcase classname="APIs.Create_PreLaunch_Requests" name="ChaseRequest_With_Single_Matching_RG_01" time="0.977"/>
  <testcase classname="APIs.Create_PreLaunch_Requests" name="ChaseRequest_With_Single_Matching_RG_01" time="0.961"/>
  <testcase classname="APIs.Create_PreLaunch_Requests" name="ChaseRequest_With_Single_Matching_RG_01" time="0.967"/>
</testsuite> <!-- Default test -->
