<?xml version="1.0" encoding="UTF-8"?>
<!-- Generated by org.testng.reporters.JUnitXMLReporter -->
<testsuite ignored="0" hostname="DESKTOP-ITILOB1" failures="0" tests="2" name="Default test" time="252.022" errors="0" timestamp="2024-10-06T22:54:36 IST">
  <testcase classname="io.cucumber.testng.AbstractTestNGCucumberTests" name="runScenario" time="125.86"/>
  <testcase classname="io.cucumber.testng.AbstractTestNGCucumberTests" name="runScenario" time="125.484"/>
</testsuite> <!-- Default test -->
