<?xml version="1.0" encoding="UTF-8"?>
<!-- Generated by org.testng.reporters.JUnitXMLReporter -->
<testsuite ignored="0" hostname="DESKTOP-ITILOB1" failures="0" tests="18" name="Default test" time="35.504" errors="0" timestamp="2024-12-18T18:56:03 IST">
  <testcase classname="APIs.Add_Misc_Documnets_To_ChaseRequests" name="ChaseRequest_With_Single_Matching_RG_01" time="2.326"/>
  <testcase classname="APIs.Add_Misc_Documnets_To_ChaseRequests" name="ChaseRequest_With_Single_Matching_RG_01" time="1.878"/>
  <testcase classname="APIs.Add_Misc_Documnets_To_ChaseRequests" name="ChaseRequest_With_Single_Matching_RG_01" time="1.831"/>
  <testcase classname="APIs.Add_Misc_Documnets_To_ChaseRequests" name="ChaseRequest_With_Single_Matching_RG_01" time="1.844"/>
  <testcase classname="APIs.Add_Misc_Documnets_To_ChaseRequests" name="ChaseRequest_With_Single_Matching_RG_01" time="2.156"/>
  <testcase classname="APIs.Add_Misc_Documnets_To_ChaseRequests" name="ChaseRequest_With_Single_Matching_RG_01" time="2.245"/>
  <testcase classname="APIs.Add_Misc_Documnets_To_ChaseRequests" name="ChaseRequest_With_Single_Matching_RG_01" time="1.949"/>
  <testcase classname="APIs.Add_Misc_Documnets_To_ChaseRequests" name="ChaseRequest_With_Single_Matching_RG_01" time="1.855"/>
  <testcase classname="APIs.Add_Misc_Documnets_To_ChaseRequests" name="ChaseRequest_With_Single_Matching_RG_01" time="1.839"/>
  <testcase classname="APIs.Add_Misc_Documnets_To_ChaseRequests" name="ChaseRequest_With_Single_Matching_RG_01" time="1.869"/>
  <testcase classname="APIs.Add_Misc_Documnets_To_ChaseRequests" name="ChaseRequest_With_Single_Matching_RG_01" time="1.919"/>
  <testcase classname="APIs.Add_Misc_Documnets_To_ChaseRequests" name="ChaseRequest_With_Single_Matching_RG_01" time="1.945"/>
  <testcase classname="APIs.Add_Misc_Documnets_To_ChaseRequests" name="ChaseRequest_With_Single_Matching_RG_01" time="1.948"/>
  <testcase classname="APIs.Add_Misc_Documnets_To_ChaseRequests" name="ChaseRequest_With_Single_Matching_RG_01" time="1.841"/>
  <testcase classname="APIs.Add_Misc_Documnets_To_ChaseRequests" name="ChaseRequest_With_Single_Matching_RG_01" time="1.819"/>
  <testcase classname="APIs.Add_Misc_Documnets_To_ChaseRequests" name="ChaseRequest_With_Single_Matching_RG_01" time="1.967"/>
  <testcase classname="APIs.Add_Misc_Documnets_To_ChaseRequests" name="ChaseRequest_With_Single_Matching_RG_01" time="2.146"/>
  <testcase classname="APIs.Add_Misc_Documnets_To_ChaseRequests" name="ChaseRequest_With_Single_Matching_RG_01" time="2.046"/>
</testsuite> <!-- Default test -->
