<?xml version="1.0" encoding="UTF-8"?>
<!-- Generated by org.testng.reporters.JUnitXMLReporter -->
<testsuite ignored="0" hostname="DESKTOP-ITILOB1" failures="1" tests="1" name="Default test" time="194.964" errors="0" timestamp="2024-10-21T18:13:39 IST">
  <testcase classname="io.cucumber.testng.AbstractTestNGCucumberTests" name="runScenario" time="194.118">
    <failure type="java.lang.AssertionError" message="Not Able to SelectByValue for WebElement:[[ChromeDriver: chrome on windows (ecd852cf72a8cb375c93a75f098908b8)] -&amp;gt; xpath: //select[@id=&amp;apos;364c75d1&amp;apos;]]. On Page title: Retrieval portal expected [true] but found [false]">
      <![CDATA[java.lang.AssertionError: Not Able to SelectByValue for WebElement:[[ChromeDriver: chrome on windows (ecd852cf72a8cb375c93a75f098908b8)] -> xpath: //select[@id='364c75d1']]. On Page title: Retrieval portal expected [true] but found [false]
at org.testng.Assert.fail(Assert.java:111)
at org.testng.Assert.failNotEquals(Assert.java:1578)
at org.testng.Assert.assertTrue(Assert.java:57)
at utils.KeyWords.selectByValue(KeyWords.java:408)
at stepDefinitionFile.Create_RG_Sd.AddaSingleContact(Create_RG_Sd.java:77)
at ✽.Under Contact section Add a Single Contact(file:///C:/Users/shaik.hussain/git/HDAP2_PEGAUI_Automation/src/main/java/featureFile/Create_RG.feature:12)
]]>
    </failure>
  </testcase> <!-- runScenario -->
</testsuite> <!-- Default test -->
