<?xml version="1.0" encoding="UTF-8"?>
<!-- Generated by org.testng.reporters.JUnitXMLReporter -->
<testsuite ignored="0" hostname="DESKTOP-ITILOB1" failures="1" tests="40" name="Default test" time="71.112" errors="0" timestamp="2024-10-08T06:46:28 IST">
  <testcase classname="APIs.Create_PreLaunch_Requests" name="ChaseRequest_With_Single_Matching_RG_01" time="6.932"/>
  <testcase classname="APIs.Create_PreLaunch_Requests" name="ChaseRequest_With_Single_Matching_RG_01" time="1.148"/>
  <testcase classname="APIs.Create_PreLaunch_Requests" name="ChaseRequest_With_Single_Matching_RG_01" time="1.197"/>
  <testcase classname="APIs.Create_PreLaunch_Requests" name="ChaseRequest_With_Single_Matching_RG_01" time="1.254"/>
  <testcase classname="APIs.Create_PreLaunch_Requests" name="ChaseRequest_With_Single_Matching_RG_01" time="1.278"/>
  <testcase classname="APIs.Create_PreLaunch_Requests" name="ChaseRequest_With_Single_Matching_RG_01" time="1.534"/>
  <testcase classname="APIs.Create_PreLaunch_Requests" name="ChaseRequest_With_Single_Matching_RG_01" time="1.182"/>
  <testcase classname="APIs.Create_PreLaunch_Requests" name="ChaseRequest_With_Single_Matching_RG_01" time="1.05"/>
  <testcase classname="APIs.Create_PreLaunch_Requests" name="ChaseRequest_With_Single_Matching_RG_01" time="1.116"/>
  <testcase classname="APIs.Create_PreLaunch_Requests" name="ChaseRequest_With_Single_Matching_RG_01" time="1.25"/>
  <testcase classname="APIs.Create_PreLaunch_Requests" name="ChaseRequest_With_Single_Matching_RG_02" time="1.098"/>
  <testcase classname="APIs.Create_PreLaunch_Requests" name="ChaseRequest_With_Single_Matching_RG_02" time="11.18">
    <failure type="java.lang.AssertionError" message="1 expectation failed.
Expected status code &amp;lt;202&amp;gt; but was &amp;lt;500&amp;gt;.
">
      <![CDATA[java.lang.AssertionError: 1 expectation failed.
Expected status code <202> but was <500>.

at java.base/jdk.internal.reflect.NativeConstructorAccessorImpl.newInstance0(Native Method)
at java.base/jdk.internal.reflect.NativeConstructorAccessorImpl.newInstance(NativeConstructorAccessorImpl.java:78)
at java.base/jdk.internal.reflect.DelegatingConstructorAccessorImpl.newInstance(DelegatingConstructorAccessorImpl.java:45)
at java.base/java.lang.reflect.Constructor.newInstanceWithCaller(Constructor.java:499)
at java.base/java.lang.reflect.Constructor.newInstance(Constructor.java:480)
at org.codehaus.groovy.reflection.CachedConstructor.invoke(CachedConstructor.java:73)
at org.codehaus.groovy.runtime.callsite.ConstructorSite$ConstructorSiteNoUnwrapNoCoerce.callConstructor(ConstructorSite.java:108)
at org.codehaus.groovy.runtime.callsite.CallSiteArray.defaultCallConstructor(CallSiteArray.java:57)
at org.codehaus.groovy.runtime.callsite.AbstractCallSite.callConstructor(AbstractCallSite.java:263)
at org.codehaus.groovy.runtime.callsite.AbstractCallSite.callConstructor(AbstractCallSite.java:277)
at io.restassured.internal.ResponseSpecificationImpl$HamcrestAssertionClosure.validate(ResponseSpecificationImpl.groovy:512)
at io.restassured.internal.ResponseSpecificationImpl$HamcrestAssertionClosure$validate$1.call(Unknown Source)
at io.restassured.internal.ResponseSpecificationImpl.validateResponseIfRequired(ResponseSpecificationImpl.groovy:696)
at io.restassured.internal.ResponseSpecificationImpl.this$2$validateResponseIfRequired(ResponseSpecificationImpl.groovy)
at java.base/jdk.internal.reflect.NativeMethodAccessorImpl.invoke0(Native Method)
at java.base/jdk.internal.reflect.NativeMethodAccessorImpl.invoke(NativeMethodAccessorImpl.java:78)
at java.base/jdk.internal.reflect.DelegatingMethodAccessorImpl.invoke(DelegatingMethodAccessorImpl.java:43)
at java.base/java.lang.reflect.Method.invoke(Method.java:567)
at org.codehaus.groovy.runtime.callsite.PlainObjectMetaMethodSite.doInvoke(PlainObjectMetaMethodSite.java:43)
at org.codehaus.groovy.runtime.callsite.PogoMetaMethodSite$PogoCachedMethodSiteNoUnwrapNoCoerce.invoke(PogoMetaMethodSite.java:198)
at org.codehaus.groovy.runtime.callsite.PogoMetaMethodSite.callCurrent(PogoMetaMethodSite.java:62)
at org.codehaus.groovy.runtime.callsite.AbstractCallSite.callCurrent(AbstractCallSite.java:185)
at io.restassured.internal.ResponseSpecificationImpl.statusCode(ResponseSpecificationImpl.groovy:135)
at io.restassured.specification.ResponseSpecification$statusCode$0.callCurrent(Unknown Source)
at io.restassured.internal.ResponseSpecificationImpl.statusCode(ResponseSpecificationImpl.groovy:143)
at io.restassured.internal.ValidatableResponseOptionsImpl.statusCode(ValidatableResponseOptionsImpl.java:89)
at APIs.Create_PreLaunch_Requests.ChaseRequest_With_Single_Matching_RG_02(Create_PreLaunch_Requests.java:61)
at java.base/jdk.internal.reflect.NativeMethodAccessorImpl.invoke0(Native Method)
at java.base/jdk.internal.reflect.NativeMethodAccessorImpl.invoke(NativeMethodAccessorImpl.java:78)
at java.base/jdk.internal.reflect.DelegatingMethodAccessorImpl.invoke(DelegatingMethodAccessorImpl.java:43)
at java.base/java.lang.reflect.Method.invoke(Method.java:567)
at org.testng.internal.invokers.MethodInvocationHelper.invokeMethod(MethodInvocationHelper.java:141)
at org.testng.internal.invokers.TestInvoker.invokeMethod(TestInvoker.java:686)
at org.testng.internal.invokers.TestInvoker.invokeTestMethod(TestInvoker.java:230)
at org.testng.internal.invokers.MethodRunner.runInSequence(MethodRunner.java:63)
at org.testng.internal.invokers.TestInvoker$MethodInvocationAgent.invoke(TestInvoker.java:992)
at org.testng.internal.invokers.TestInvoker.invokeTestMethods(TestInvoker.java:203)
at org.testng.internal.invokers.TestMethodWorker.invokeTestMethods(TestMethodWorker.java:154)
at org.testng.internal.invokers.TestMethodWorker.run(TestMethodWorker.java:134)
at java.base/java.util.ArrayList.forEach(ArrayList.java:1511)
at org.testng.TestRunner.privateRun(TestRunner.java:739)
at org.testng.TestRunner.run(TestRunner.java:614)
at org.testng.SuiteRunner.runTest(SuiteRunner.java:421)
at org.testng.SuiteRunner.runSequentially(SuiteRunner.java:413)
at org.testng.SuiteRunner.privateRun(SuiteRunner.java:373)
at org.testng.SuiteRunner.run(SuiteRunner.java:312)
at org.testng.SuiteRunnerWorker.runSuite(SuiteRunnerWorker.java:52)
at org.testng.SuiteRunnerWorker.run(SuiteRunnerWorker.java:95)
at org.testng.TestNG.runSuitesSequentially(TestNG.java:1274)
at org.testng.TestNG.runSuitesLocally(TestNG.java:1208)
at org.testng.TestNG.runSuites(TestNG.java:1112)
at org.testng.TestNG.run(TestNG.java:1079)
at org.testng.remote.AbstractRemoteTestNG.run(AbstractRemoteTestNG.java:115)
at org.testng.remote.RemoteTestNG.initAndRun(RemoteTestNG.java:293)
at org.testng.remote.RemoteTestNG.main(RemoteTestNG.java:91)
]]>
    </failure>
  </testcase> <!-- ChaseRequest_With_Single_Matching_RG_02 -->
  <testcase classname="APIs.Create_PreLaunch_Requests" name="ChaseRequest_With_Single_Matching_RG_02" time="6.661"/>
  <testcase classname="APIs.Create_PreLaunch_Requests" name="ChaseRequest_With_Single_Matching_RG_02" time="1.223"/>
  <testcase classname="APIs.Create_PreLaunch_Requests" name="ChaseRequest_With_Single_Matching_RG_02" time="1.761"/>
  <testcase classname="APIs.Create_PreLaunch_Requests" name="ChaseRequest_With_Single_Matching_RG_02" time="3.187"/>
  <testcase classname="APIs.Create_PreLaunch_Requests" name="ChaseRequest_With_Single_Matching_RG_02" time="1.21"/>
  <testcase classname="APIs.Create_PreLaunch_Requests" name="ChaseRequest_With_Single_Matching_RG_02" time="2.265"/>
  <testcase classname="APIs.Create_PreLaunch_Requests" name="ChaseRequest_With_Single_Matching_RG_02" time="1.606"/>
  <testcase classname="APIs.Create_PreLaunch_Requests" name="ChaseRequest_With_Single_Matching_RG_02" time="1.161"/>
  <testcase classname="APIs.Create_PreLaunch_Requests" name="ChaseRequest_With_Single_Matching_RG_03" time="1.105"/>
  <testcase classname="APIs.Create_PreLaunch_Requests" name="ChaseRequest_With_Single_Matching_RG_03" time="1.455"/>
  <testcase classname="APIs.Create_PreLaunch_Requests" name="ChaseRequest_With_Single_Matching_RG_03" time="1.056"/>
  <testcase classname="APIs.Create_PreLaunch_Requests" name="ChaseRequest_With_Single_Matching_RG_03" time="1.009"/>
  <testcase classname="APIs.Create_PreLaunch_Requests" name="ChaseRequest_With_Single_Matching_RG_03" time="1.132"/>
  <testcase classname="APIs.Create_PreLaunch_Requests" name="ChaseRequest_With_Single_Matching_RG_03" time="1.072"/>
  <testcase classname="APIs.Create_PreLaunch_Requests" name="ChaseRequest_With_Single_Matching_RG_03" time="1.057"/>
  <testcase classname="APIs.Create_PreLaunch_Requests" name="ChaseRequest_With_Single_Matching_RG_03" time="1.039"/>
  <testcase classname="APIs.Create_PreLaunch_Requests" name="ChaseRequest_With_Single_Matching_RG_03" time="1.01"/>
  <testcase classname="APIs.Create_PreLaunch_Requests" name="ChaseRequest_With_Single_Matching_RG_03" time="1.011"/>
  <testcase classname="APIs.Create_PreLaunch_Requests" name="ChaseRequest_With_Single_Matching_RG_04" time="1.095"/>
  <testcase classname="APIs.Create_PreLaunch_Requests" name="ChaseRequest_With_Single_Matching_RG_04" time="1.233"/>
  <testcase classname="APIs.Create_PreLaunch_Requests" name="ChaseRequest_With_Single_Matching_RG_04" time="1.113"/>
  <testcase classname="APIs.Create_PreLaunch_Requests" name="ChaseRequest_With_Single_Matching_RG_04" time="1.081"/>
  <testcase classname="APIs.Create_PreLaunch_Requests" name="ChaseRequest_With_Single_Matching_RG_04" time="0.994"/>
  <testcase classname="APIs.Create_PreLaunch_Requests" name="ChaseRequest_With_Single_Matching_RG_04" time="1.019"/>
  <testcase classname="APIs.Create_PreLaunch_Requests" name="ChaseRequest_With_Single_Matching_RG_04" time="1.069"/>
  <testcase classname="APIs.Create_PreLaunch_Requests" name="ChaseRequest_With_Single_Matching_RG_04" time="1.057"/>
  <testcase classname="APIs.Create_PreLaunch_Requests" name="ChaseRequest_With_Single_Matching_RG_04" time="0.999"/>
  <testcase classname="APIs.Create_PreLaunch_Requests" name="ChaseRequest_With_Single_Matching_RG_04" time="1.119"/>
</testsuite> <!-- Default test -->
