<?xml version="1.0" encoding="UTF-8"?>
<!-- Generated by org.testng.reporters.JUnitXMLReporter -->
<testsuite ignored="0" hostname="DESKTOP-ITILOB1" failures="1" tests="1" name="Default test" time="98.732" errors="0" timestamp="2024-10-23T12:18:01 IST">
  <testcase classname="io.cucumber.testng.AbstractTestNGCucumberTests" name="runScenario" time="97.546">
    <failure type="java.lang.AssertionError" message="Not Able Click WebElement:[[ChromeDriver: chrome on windows (a43f99d78a74b246d9c1e69f817560cc)] -&amp;gt; xpath: //input[@id=&amp;apos;eeea0ea9&amp;apos;]]On Page: Retrieval portal expected [true] but found [false]">
      <![CDATA[java.lang.AssertionError: Not Able Click WebElement:[[ChromeDriver: chrome on windows (a43f99d78a74b246d9c1e69f817560cc)] -> xpath: //input[@id='eeea0ea9']]On Page: Retrieval portal expected [true] but found [false]
at org.testng.Assert.fail(Assert.java:111)
at org.testng.Assert.failNotEquals(Assert.java:1578)
at org.testng.Assert.assertTrue(Assert.java:57)
at utils.KeyWords.clickElement(KeyWords.java:316)
at stepDefinitionFile.Create_RG_Sd.EnterDataintheRequestGroupSettingssection(Create_RG_Sd.java:103)
at ✽.Enter Data in the  Request Group Settings section(file:///C:/Users/shaik.hussain/git/HDAP2_PEGAUI_Automation/src/main/java/featureFile/Create_RG.feature:13)
]]>
    </failure>
  </testcase> <!-- runScenario -->
</testsuite> <!-- Default test -->
