<?xml version="1.0" encoding="UTF-8"?>
<!-- Generated by org.testng.reporters.JUnitXMLReporter -->
<testsuite ignored="0" hostname="DESKTOP-ITILOB1" failures="1" tests="11" name="Default test" time="831.447" errors="0" timestamp="2024-10-09T09:01:34 IST">
  <testcase classname="io.cucumber.testng.AbstractTestNGCucumberTests" name="runScenario" time="180.542">
    <failure type="java.lang.AssertionError" message="Not Able Click WebElement:Proxy element for: DefaultElementLocator &amp;apos;By.xpath: //li[@title=&amp;apos;Search&amp;apos;]//span[text()=&amp;apos;Search&amp;apos;]&amp;apos;On Page: Retrieval portal expected [true] but found [false]">
      <![CDATA[java.lang.AssertionError: Not Able Click WebElement:Proxy element for: DefaultElementLocator 'By.xpath: //li[@title='Search']//span[text()='Search']'On Page: Retrieval portal expected [true] but found [false]
at org.testng.Assert.fail(Assert.java:111)
at org.testng.Assert.failNotEquals(Assert.java:1578)
at org.testng.Assert.assertTrue(Assert.java:57)
at utils.KeyWords.clickElement(KeyWords.java:297)
at stepDefinitionFile.Common_Functions_Sd.searchFoRGID(Common_Functions_Sd.java:68)
at ✽.Search for the User RG ID RET-9642869539(file:///C:/Users/shaik.hussain/git/HDAP2_PEGAUI_Automation/src/main/java/featureFile/DQA_Task.feature:17)
]]>
    </failure>
  </testcase> <!-- runScenario -->
  <testcase classname="io.cucumber.testng.AbstractTestNGCucumberTests" name="runScenario" time="65.106"/>
  <testcase classname="io.cucumber.testng.AbstractTestNGCucumberTests" name="runScenario" time="64.761"/>
  <testcase classname="io.cucumber.testng.AbstractTestNGCucumberTests" name="runScenario" time="64.574"/>
  <testcase classname="io.cucumber.testng.AbstractTestNGCucumberTests" name="runScenario" time="66.562"/>
  <testcase classname="io.cucumber.testng.AbstractTestNGCucumberTests" name="runScenario" time="65.489"/>
  <testcase classname="io.cucumber.testng.AbstractTestNGCucumberTests" name="runScenario" time="65.154"/>
  <testcase classname="io.cucumber.testng.AbstractTestNGCucumberTests" name="runScenario" time="64.012"/>
  <testcase classname="io.cucumber.testng.AbstractTestNGCucumberTests" name="runScenario" time="65.181"/>
  <testcase classname="io.cucumber.testng.AbstractTestNGCucumberTests" name="runScenario" time="64.366"/>
  <testcase classname="io.cucumber.testng.AbstractTestNGCucumberTests" name="runScenario" time="63.766"/>
</testsuite> <!-- Default test -->
