<?xml version="1.0" encoding="UTF-8"?>
<!-- Generated by org.testng.reporters.JUnitXMLReporter -->
<testsuite ignored="0" hostname="DESKTOP-ITILOB1" failures="0" tests="2" name="Default test" time="40.507" errors="0" timestamp="2025-02-25T19:10:21 IST">
  <testcase classname="utils_API.Automated_TestData_Creator" name="processDataAndGenerateOutput" time="31.762"/>
  <testcase classname="utils_API.Automated_TestData_Creator" name="processDataAndGenerateOutput" time="8.657"/>
</testsuite> <!-- Default test -->
