<?xml version="1.0" encoding="UTF-8"?>
<!-- Generated by org.testng.reporters.JUnitXMLReporter -->
<testsuite ignored="0" hostname="DESKTOP-ITILOB1" failures="0" tests="5" name="Default test" time="6.176" errors="0" timestamp="2024-11-12T22:17:46 IST">
  <testcase classname="APIs.CreateRG_OAuth2" name="ChaseRequest_With_No_Matching_RG" time="2.172"/>
  <testcase classname="APIs.CreateRG_OAuth2" name="ChaseRequest_With_No_Matching_RG" time="1.053"/>
  <testcase classname="APIs.CreateRG_OAuth2" name="ChaseRequest_With_No_Matching_RG" time="0.957"/>
  <testcase classname="APIs.CreateRG_OAuth2" name="ChaseRequest_With_No_Matching_RG" time="0.908"/>
  <testcase classname="APIs.CreateRG_OAuth2" name="ChaseRequest_With_No_Matching_RG" time="0.955"/>
</testsuite> <!-- Default test -->
