<?xml version="1.0" encoding="UTF-8"?>
<!-- Generated by org.testng.reporters.JUnitXMLReporter -->
<testsuite ignored="0" hostname="DESKTOP-ITILOB1" failures="1" tests="11" name="Default test" time="790.15" errors="0" timestamp="2024-10-17T09:23:57 IST">
  <testcase classname="io.cucumber.testng.AbstractTestNGCucumberTests" name="runScenario" time="74.267"/>
  <testcase classname="io.cucumber.testng.AbstractTestNGCucumberTests" name="runScenario" time="71.823">
    <failure type="java.lang.AssertionError" message="Not Able Click WebElement:[[ChromeDriver: chrome on windows (a653529f88a8b4dd712a72fa6cf22d48)] -&amp;gt; xpath: (//a[text()=&amp;apos;Chase Request&amp;apos;])[1]]On Page: Retrieval portal expected [true] but found [false]">
      <![CDATA[java.lang.AssertionError: Not Able Click WebElement:[[ChromeDriver: chrome on windows (a653529f88a8b4dd712a72fa6cf22d48)] -> xpath: (//a[text()='Chase Request'])[1]]On Page: Retrieval portal expected [true] but found [false]
at org.testng.Assert.fail(Assert.java:111)
at org.testng.Assert.failNotEquals(Assert.java:1578)
at org.testng.Assert.assertTrue(Assert.java:57)
at utils.KeyWords.clickElement(KeyWords.java:323)
at stepDefinitionFile.Common_Functions_Sd.addTask(Common_Functions_Sd.java:84)
at ✽.Add the task Chase Request(file:///C:/Users/shaik.hussain/git/HDAP2_PEGAUI_Automation/src/main/java/featureFile/DQA_Task.feature:22)
]]>
    </failure>
  </testcase> <!-- runScenario -->
  <testcase classname="io.cucumber.testng.AbstractTestNGCucumberTests" name="runScenario" time="69.104"/>
  <testcase classname="io.cucumber.testng.AbstractTestNGCucumberTests" name="runScenario" time="73.239"/>
  <testcase classname="io.cucumber.testng.AbstractTestNGCucumberTests" name="runScenario" time="74.147"/>
  <testcase classname="io.cucumber.testng.AbstractTestNGCucumberTests" name="runScenario" time="72.798"/>
  <testcase classname="io.cucumber.testng.AbstractTestNGCucumberTests" name="runScenario" time="70.007"/>
  <testcase classname="io.cucumber.testng.AbstractTestNGCucumberTests" name="runScenario" time="73.141"/>
  <testcase classname="io.cucumber.testng.AbstractTestNGCucumberTests" name="runScenario" time="71.671"/>
  <testcase classname="io.cucumber.testng.AbstractTestNGCucumberTests" name="runScenario" time="70.541"/>
  <testcase classname="io.cucumber.testng.AbstractTestNGCucumberTests" name="runScenario" time="68.457"/>
</testsuite> <!-- Default test -->
