<?xml version="1.0" encoding="UTF-8"?>
<!-- Generated by org.testng.reporters.JUnitXMLReporter -->
<testsuite ignored="0" hostname="ZRZA" failures="0" tests="2" name="Default test" time="4.914" errors="0" timestamp="2025-01-29T07:03:49 IST">
  <testcase classname="APIs.ChaseRequests_For_RG_22001" name="ChaseRequest_With_Single_Matching_RG_01" time="2.706"/>
  <testcase classname="APIs.ChaseRequests_For_RG_22001" name="ChaseRequest_With_Single_Matching_RG_01" time="2.17"/>
</testsuite> <!-- Default test -->
