<?xml version="1.0" encoding="UTF-8"?>
<!-- Generated by org.testng.reporters.JUnitXMLReporter -->
<testsuite ignored="0" hostname="DESKTOP-ITILOB1" failures="0" tests="4" name="Default test" time="18.3" errors="0" timestamp="2025-01-02T19:07:40 IST">
  <testcase classname="APIs.ChaseRequests_For_RG_20013" name="ChaseRequest_With_Single_Matching_RG_01" time="7.761"/>
  <testcase classname="APIs.ChaseRequests_For_RG_20013" name="ChaseRequest_With_Single_Matching_RG_01" time="2.455"/>
  <testcase classname="APIs.ChaseRequests_For_RG_20013" name="ChaseRequest_With_Single_Matching_RG_01" time="2.208"/>
  <testcase classname="APIs.ChaseRequests_For_RG_20013" name="ChaseRequest_With_Single_Matching_RG_01" time="5.802"/>
</testsuite> <!-- Default test -->
