<?xml version="1.0" encoding="UTF-8"?>
<!-- Generated by org.testng.reporters.JUnitXMLReporter -->
<testsuite ignored="0" hostname="DESKTOP-ITILOB1" failures="0" tests="2" name="Default test" time="5.752" errors="0" timestamp="2025-02-06T20:14:13 IST">
  <testcase classname="APIs.ChaseRequests_For_RG_20002" name="ChaseRequest_With_Single_Matching_RG_01" time="3.616"/>
  <testcase classname="APIs.ChaseRequests_For_RG_20002" name="ChaseRequest_With_Single_Matching_RG_01" time="1.99"/>
</testsuite> <!-- Default test -->
