<?xml version="1.0" encoding="UTF-8"?>
<!-- Generated by org.testng.reporters.JUnitXMLReporter -->
<testsuite ignored="0" hostname="DESKTOP-ITILOB1" failures="0" tests="3" name="Default test" time="5.479" errors="0" timestamp="2024-11-25T19:09:32 IST">
  <testcase classname="APIs.DemoTestKavyaStory" name="ChaseRequest_With_Single_Matching_RG_01" time="2.537"/>
  <testcase classname="APIs.DemoTestKavyaStory" name="ChaseRequest_With_Single_Matching_RG_01" time="1.519"/>
  <testcase classname="APIs.DemoTestKavyaStory" name="ChaseRequest_With_Single_Matching_RG_01" time="1.356"/>
</testsuite> <!-- Default test -->
