<?xml version="1.0" encoding="UTF-8"?>
<!-- Generated by org.testng.reporters.JUnitXMLReporter -->
<testsuite ignored="0" hostname="DESKTOP-ITILOB1" failures="0" tests="2" name="Default test" time="7.85" errors="0" timestamp="2024-10-07T13:53:31 IST">
  <testcase classname="APIs.Create_PreLaunch_Requests" name="ChaseRequest_With_Single_Matching_RG" time="6.727"/>
  <testcase classname="APIs.Create_PreLaunch_Requests" name="ChaseRequest_With_Single_Matching_RG" time="1.082"/>
</testsuite> <!-- Default test -->
