<?xml version="1.0" encoding="UTF-8"?>
<!-- Generated by org.testng.reporters.JUnitXMLReporter -->
<testsuite ignored="0" hostname="DESKTOP-ITILOB1" failures="1" tests="1" name="Default test" time="135.56" errors="0" timestamp="2024-02-01T16:40:20 IST">
  <testcase classname="io.cucumber.testng.AbstractTestNGCucumberTests" name="runScenario" time="135.028">
    <failure type="java.lang.AssertionError" message="Not Able Click WebElement:Proxy element for: DefaultElementLocator &amp;apos;By.xpath: (//*[text()=&amp;apos;Request Group Settings&amp;apos;])[2]&amp;apos;On Page: Retrieval portal expected [true] but found [false]">
      <![CDATA[java.lang.AssertionError: Not Able Click WebElement:Proxy element for: DefaultElementLocator 'By.xpath: (//*[text()='Request Group Settings'])[2]'On Page: Retrieval portal expected [true] but found [false]
at org.testng.Assert.fail(Assert.java:99)
at org.testng.Assert.failNotEquals(Assert.java:1037)
at org.testng.Assert.assertTrue(Assert.java:45)
at utils.KeyWords.clickElement(KeyWords.java:296)
at stepDefinitionFile.ConfigureRequestGroupTask_SD.Click_on_the_Request_Group_Settings_Tab(ConfigureRequestGroupTask_SD.java:66)
at ✽.Click on the Request Group Settings Tab(file:///C:/Users/shaik.hussain/git/HDAP2_PEGAUI_Automation/src/main/java/featureFile/ConfigureRequestGroupTask.feature:22)
]]>
    </failure>
  </testcase> <!-- runScenario -->
</testsuite> <!-- Default test -->
