<?xml version="1.0" encoding="UTF-8"?>
<!-- Generated by org.testng.reporters.JUnitXMLReporter -->
<testsuite ignored="0" hostname="DESKTOP-ITILOB1" failures="0" tests="5" name="Default test" time="43.874" errors="0" timestamp="2025-02-18T18:56:50 IST">
  <testcase classname="utils_API.Automated_TestData_Creator" name="processDataAndGenerateOutput" time="16.167"/>
  <testcase classname="utils_API.Automated_TestData_Creator" name="processDataAndGenerateOutput" time="7.555"/>
  <testcase classname="utils_API.Automated_TestData_Creator" name="processDataAndGenerateOutput" time="6.687"/>
  <testcase classname="utils_API.Automated_TestData_Creator" name="processDataAndGenerateOutput" time="6.313"/>
  <testcase classname="utils_API.Automated_TestData_Creator" name="processDataAndGenerateOutput" time="7.089"/>
</testsuite> <!-- Default test -->
