<?xml version="1.0" encoding="UTF-8"?>
<!-- Generated by org.testng.reporters.JUnitXMLReporter -->
<testsuite ignored="0" hostname="DESKTOP-ITILOB1" failures="0" tests="4" name="Default test" time="14.687" errors="0" timestamp="2024-12-11T19:37:47 IST">
  <testcase classname="APIs.ChaseRequests_With_SingleProject" name="ChaseRequest_With_Single_Matching_RG_01" time="4.501"/>
  <testcase classname="APIs.ChaseRequests_With_SingleProject" name="ChaseRequest_With_Single_Matching_RG_01" time="3.198"/>
  <testcase classname="APIs.ChaseRequests_With_SingleProject" name="ChaseRequest_With_Single_Matching_RG_01" time="3.474"/>
  <testcase classname="APIs.ChaseRequests_With_SingleProject" name="ChaseRequest_With_Single_Matching_RG_01" time="3.362"/>
</testsuite> <!-- Default test -->
