<?xml version="1.0" encoding="UTF-8"?>
<!-- Generated by org.testng.reporters.JUnitXMLReporter -->
<testsuite ignored="0" hostname="DESKTOP-ITILOB1" failures="0" tests="4" name="Default test" time="19.335" errors="0" timestamp="2024-12-12T12:51:21 IST">
  <testcase classname="APIs.ChaseRequests_With_SingleProject" name="ChaseRequest_With_Single_Matching_RG_01" time="9.179"/>
  <testcase classname="APIs.ChaseRequests_With_SingleProject" name="ChaseRequest_With_Single_Matching_RG_01" time="3.354"/>
  <testcase classname="APIs.ChaseRequests_With_SingleProject" name="ChaseRequest_With_Single_Matching_RG_01" time="3.281"/>
  <testcase classname="APIs.ChaseRequests_With_SingleProject" name="ChaseRequest_With_Single_Matching_RG_01" time="3.331"/>
</testsuite> <!-- Default test -->
