<?xml version="1.0" encoding="UTF-8"?>
<!-- Generated by org.testng.reporters.JUnitXMLReporter -->
<testsuite ignored="0" hostname="DESKTOP-ITILOB1" failures="1" tests="1" name="Default test" time="82.552" errors="0" timestamp="2024-10-18T17:49:19 IST">
  <testcase classname="io.cucumber.testng.AbstractTestNGCucumberTests" name="runScenario" time="81.707">
    <failure type="java.lang.AssertionError" message="Not Able Click WebElement:[[ChromeDriver: chrome on windows (d060a1cfb8bd3194f6c13556227f5fd1)] -&amp;gt; xpath: //button[@title=&amp;apos;Complete this assignment&amp;apos;]]On Page: Retrieval portal expected [true] but found [false]">
      <![CDATA[java.lang.AssertionError: Not Able Click WebElement:[[ChromeDriver: chrome on windows (d060a1cfb8bd3194f6c13556227f5fd1)] -> xpath: //button[@title='Complete this assignment']]On Page: Retrieval portal expected [true] but found [false]
at org.testng.Assert.fail(Assert.java:111)
at org.testng.Assert.failNotEquals(Assert.java:1578)
at org.testng.Assert.assertTrue(Assert.java:57)
at utils.KeyWords.clickElement(KeyWords.java:316)
at stepDefinitionFile.Create_RG_Sd.AddaSingleContact(Create_RG_Sd.java:75)
at ✽.Under Contact section Add a Single Contact(file:///C:/Users/shaik.hussain/git/HDAP2_PEGAUI_Automation/src/main/java/featureFile/Create_RG.feature:12)
]]>
    </failure>
  </testcase> <!-- runScenario -->
</testsuite> <!-- Default test -->
