<?xml version="1.0" encoding="UTF-8"?>
<!-- Generated by org.testng.reporters.JUnitXMLReporter -->
<testsuite ignored="0" hostname="ZakirZR-Bluestone" failures="1" tests="1" name="Default test" time="137.468" errors="0" timestamp="2024-10-07T19:09:02 IST">
  <testcase classname="io.cucumber.testng.AbstractTestNGCucumberTests" name="runScenario" time="135.676">
    <failure type="java.lang.AssertionError" message="Not Able Click WebElement:Proxy element for: DefaultElementLocator &amp;apos;By.xpath: //li[@title=&amp;apos;Search&amp;apos;]//span[text()=&amp;apos;Search&amp;apos;]&amp;apos;On Page: Retrieval portal expected [true] but found [false]">
      <![CDATA[java.lang.AssertionError: Not Able Click WebElement:Proxy element for: DefaultElementLocator 'By.xpath: //li[@title='Search']//span[text()='Search']'On Page: Retrieval portal expected [true] but found [false]
at org.testng.Assert.fail(Assert.java:99)
at org.testng.Assert.failNotEquals(Assert.java:1037)
at org.testng.Assert.assertTrue(Assert.java:45)
at utils.KeyWords.clickElement(KeyWords.java:297)
at stepDefinitionFile.Common_Functions_Sd.searchFoRGID(Common_Functions_Sd.java:67)
at ✽.Search for the User RG ID RET-9642869539(file:///C:/Work/HDAP2_PEGAUI_Automation/src/main/java/featureFile/DQA_Task.feature:8)
]]>
    </failure>
  </testcase> <!-- runScenario -->
</testsuite> <!-- Default test -->
