<?xml version="1.0" encoding="UTF-8"?>
<!-- Generated by org.testng.reporters.JUnitXMLReporter -->
<testsuite ignored="0" hostname="ZRZA" failures="0" tests="2" name="Default test" time="12.023" errors="0" timestamp="2025-01-29T07:00:56 IST">
  <testcase classname="APIs.ChaseRequests_For_RG_22001" name="ChaseRequest_With_Single_Matching_RG_01" time="8.822"/>
  <testcase classname="APIs.ChaseRequests_For_RG_22001" name="ChaseRequest_With_Single_Matching_RG_01" time="3.148"/>
</testsuite> <!-- Default test -->
