<?xml version="1.0" encoding="UTF-8"?>
<!-- Generated by org.testng.reporters.JUnitXMLReporter -->
<testsuite ignored="0" hostname="DESKTOP-ITILOB1" failures="0" tests="3" name="Default test" time="9.966" errors="0" timestamp="2024-11-25T21:25:57 IST">
  <testcase classname="APIs.ChaseRequests_With_Same_AccountID_IntendeUse" name="ChaseRequest_With_Single_Matching_RG_01" time="6.83"/>
  <testcase classname="APIs.ChaseRequests_With_Same_AccountID_IntendeUse" name="ChaseRequest_With_Single_Matching_RG_01" time="1.559"/>
  <testcase classname="APIs.ChaseRequests_With_Same_AccountID_IntendeUse" name="ChaseRequest_With_Single_Matching_RG_01" time="1.517"/>
</testsuite> <!-- Default test -->
