<?xml version="1.0" encoding="UTF-8"?>
<!-- Generated by org.testng.reporters.JUnitXMLReporter -->
<testsuite ignored="0" hostname="DESKTOP-ITILOB1" failures="1" tests="1" name="Default test" time="149.572" errors="0" timestamp="2024-01-16T10:56:11 IST">
  <testcase classname="io.cucumber.testng.AbstractTestNGCucumberTests" name="runScenario" time="148.923">
    <failure type="java.lang.AssertionError" message="Not Able Click WebElement:Proxy element for: DefaultElementLocator &amp;apos;By.xpath: //span[@class=&amp;apos;menu-item-title&amp;apos; and text()=&amp;apos;Work&amp;apos;]&amp;apos;On Page: Retrieval portal expected [true] but found [false]">
      <![CDATA[java.lang.AssertionError: Not Able Click WebElement:Proxy element for: DefaultElementLocator 'By.xpath: //span[@class='menu-item-title' and text()='Work']'On Page: Retrieval portal expected [true] but found [false]
at org.testng.Assert.fail(Assert.java:99)
at org.testng.Assert.failNotEquals(Assert.java:1037)
at org.testng.Assert.assertTrue(Assert.java:45)
at utils.KeyWords.clickElement(KeyWords.java:292)
at stepDefinitionFile.RequestGroup_SD.dummycode1(RequestGroup_SD.java:51)
at ✽.User Clicks on the Create RGButton(file:///C:/Users/shaik.hussain/git/HDAP2_PEGAUI_Automation/src/main/java/featureFile/RequestGroup.feature:10)
]]>
    </failure>
  </testcase> <!-- runScenario -->
</testsuite> <!-- Default test -->
