<?xml version="1.0" encoding="UTF-8"?>
<!-- Generated by org.testng.reporters.JUnitXMLReporter -->
<testsuite ignored="0" hostname="DESKTOP-ITILOB1" failures="1" tests="1" name="Default test" time="10.094" errors="0" timestamp="2024-10-08T13:26:14 IST">
  <testcase classname="io.cucumber.testng.AbstractTestNGCucumberTests" name="runScenario" time="9.534">
    <failure type="java.lang.AssertionError" message="Not Able to Enter Text in WebElement:[[ChromeDriver: chrome on windows (263a269ded60107c0dfdf1827ec08d59)] -&amp;gt; xpath: //input[@id=&amp;apos;txtUserID&amp;apos;]]On Page: Login Page expected [true] but found [false]">
      <![CDATA[java.lang.AssertionError: Not Able to Enter Text in WebElement:[[ChromeDriver: chrome on windows (263a269ded60107c0dfdf1827ec08d59)] -> xpath: //input[@id='txtUserID']]On Page: Login Page expected [true] but found [false]
at org.testng.Assert.fail(Assert.java:111)
at org.testng.Assert.failNotEquals(Assert.java:1578)
at org.testng.Assert.assertTrue(Assert.java:57)
at utils.KeyWords.sendKeys(KeyWords.java:162)
at utils.KeyWords.loginApplicaiton(KeyWords.java:54)
at stepDefinitionFile.Common_Functions_Sd.te(Common_Functions_Sd.java:61)
at ✽.Launch the Application(file:///C:/Users/shaik.hussain/git/HDAP2_PEGAUI_Automation/src/main/java/featureFile/DQA_Task.feature:4)
]]>
    </failure>
  </testcase> <!-- runScenario -->
</testsuite> <!-- Default test -->
