<?xml version="1.0" encoding="UTF-8"?>
<!-- Generated by org.testng.reporters.JUnitXMLReporter -->
<testsuite ignored="0" hostname="DESKTOP-ITILOB1" failures="0" tests="3" name="Default test" time="29.131" errors="0" timestamp="2025-02-11T15:58:31 IST">
  <testcase classname="utils_API.Automated_TestData_Creator" name="processDataAndGenerateOutput" time="17.674"/>
  <testcase classname="utils_API.Automated_TestData_Creator" name="processDataAndGenerateOutput" time="6.108"/>
  <testcase classname="utils_API.Automated_TestData_Creator" name="processDataAndGenerateOutput" time="5.215"/>
</testsuite> <!-- Default test -->
