<?xml version="1.0" encoding="UTF-8"?>
<!-- Generated by org.testng.reporters.JUnitXMLReporter -->
<testsuite ignored="0" hostname="DESKTOP-ITILOB1" failures="0" tests="2" name="Default test" time="22.1" errors="0" timestamp="2025-02-10T17:57:49 IST">
  <testcase classname="utils_API_TEST.Automated_TestData_Creator_TEST" name="processDataAndGenerateOutput" time="15.441"/>
  <testcase classname="utils_API_TEST.Automated_TestData_Creator_TEST" name="processDataAndGenerateOutput" time="6.588"/>
</testsuite> <!-- Default test -->
