<?xml version="1.0" encoding="UTF-8"?>
<!-- Generated by org.testng.reporters.JUnitXMLReporter -->
<testsuite ignored="0" hostname="DESKTOP-ITILOB1" failures="0" tests="3" name="Default test" time="6.528" errors="0" timestamp="2024-12-20T18:54:55 IST">
  <testcase classname="APIs.ChaseRequests_For_RG_20013" name="ChaseRequest_With_Single_Matching_RG_01" time="2.896"/>
  <testcase classname="APIs.ChaseRequests_For_RG_20013" name="ChaseRequest_With_Single_Matching_RG_01" time="1.796"/>
  <testcase classname="APIs.ChaseRequests_For_RG_20013" name="ChaseRequest_With_Single_Matching_RG_01" time="1.785"/>
</testsuite> <!-- Default test -->
