<?xml version="1.0" encoding="UTF-8"?>
<!-- Generated by org.testng.reporters.JUnitXMLReporter -->
<testsuite ignored="0" hostname="DESKTOP-LP0KD3C" failures="5" tests="10" name="Default test" time="1574.87" errors="0" timestamp="2024-11-04T12:07:53 IST">
  <testcase classname="io.cucumber.testng.AbstractTestNGCucumberTests" name="runScenario" time="257.539"/>
  <testcase classname="io.cucumber.testng.AbstractTestNGCucumberTests" name="runScenario" time="107.214">
    <failure type="java.lang.AssertionError" message="Not Able to Enter Text in WebElement:[[ChromeDriver: chrome on windows (504914295e870fc1ab7bc5ca0b0dbe5e)] -&amp;gt; xpath: //input[@id=&amp;apos;45da4e1f&amp;apos;]]On Page: Retrieval portal expected [true] but found [false]">
      <![CDATA[java.lang.AssertionError: Not Able to Enter Text in WebElement:[[ChromeDriver: chrome on windows (504914295e870fc1ab7bc5ca0b0dbe5e)] -> xpath: //input[@id='45da4e1f']]On Page: Retrieval portal expected [true] but found [false]
at org.testng.Assert.fail(Assert.java:111)
at org.testng.Assert.failNotEquals(Assert.java:1578)
at org.testng.Assert.assertTrue(Assert.java:57)
at utils.KeyWords.sendKeys(KeyWords.java:181)
at stepDefinitionFile.Create_RG_Sd.AddaSingleContact(Create_RG_Sd.java:71)
at ✽.Under Contact section Add a Single Contact(file:///C:/Users/HP/git/HDAP2_PEGAUI_Automation/src/main/java/featureFile/Create_RG.feature:23)
]]>
    </failure>
  </testcase> <!-- runScenario -->
  <testcase classname="io.cucumber.testng.AbstractTestNGCucumberTests" name="runScenario" time="185.301"/>
  <testcase classname="io.cucumber.testng.AbstractTestNGCucumberTests" name="runScenario" time="118.272">
    <failure type="java.lang.AssertionError" message="Not Able to Enter Text in WebElement:[[ChromeDriver: chrome on windows (de2463c632c9608264987298fc255881)] -&amp;gt; xpath: //input[@id=&amp;apos;5aea26b5&amp;apos;]]On Page: Retrieval portal expected [true] but found [false]">
      <![CDATA[java.lang.AssertionError: Not Able to Enter Text in WebElement:[[ChromeDriver: chrome on windows (de2463c632c9608264987298fc255881)] -> xpath: //input[@id='5aea26b5']]On Page: Retrieval portal expected [true] but found [false]
at org.testng.Assert.fail(Assert.java:111)
at org.testng.Assert.failNotEquals(Assert.java:1578)
at org.testng.Assert.assertTrue(Assert.java:57)
at utils.KeyWords.sendKeys(KeyWords.java:181)
at stepDefinitionFile.Create_RG_Sd.AddaSingleContact(Create_RG_Sd.java:75)
at ✽.Under Contact section Add a Single Contact(file:///C:/Users/HP/git/HDAP2_PEGAUI_Automation/src/main/java/featureFile/Create_RG.feature:49)
]]>
    </failure>
  </testcase> <!-- runScenario -->
  <testcase classname="io.cucumber.testng.AbstractTestNGCucumberTests" name="runScenario" time="201.277"/>
  <testcase classname="io.cucumber.testng.AbstractTestNGCucumberTests" name="runScenario" time="140.13">
    <failure type="java.lang.AssertionError" message="Not Able to Enter Text in WebElement:[[ChromeDriver: chrome on windows (0da52363251fb4e8f26a6fc3ecf044ef)] -&amp;gt; xpath: //input[@id=&amp;apos;5aea26b5&amp;apos;]]On Page: Retrieval portal expected [true] but found [false]">
      <![CDATA[java.lang.AssertionError: Not Able to Enter Text in WebElement:[[ChromeDriver: chrome on windows (0da52363251fb4e8f26a6fc3ecf044ef)] -> xpath: //input[@id='5aea26b5']]On Page: Retrieval portal expected [true] but found [false]
at org.testng.Assert.fail(Assert.java:111)
at org.testng.Assert.failNotEquals(Assert.java:1578)
at org.testng.Assert.assertTrue(Assert.java:57)
at utils.KeyWords.sendKeys(KeyWords.java:181)
at stepDefinitionFile.Create_RG_Sd.AddaSingleContact(Create_RG_Sd.java:75)
at ✽.Under Contact section Add a Single Contact(file:///C:/Users/HP/git/HDAP2_PEGAUI_Automation/src/main/java/featureFile/Create_RG.feature:77)
]]>
    </failure>
  </testcase> <!-- runScenario -->
  <testcase classname="io.cucumber.testng.AbstractTestNGCucumberTests" name="runScenario" time="210.752"/>
  <testcase classname="io.cucumber.testng.AbstractTestNGCucumberTests" name="runScenario" time="190.86"/>
  <testcase classname="io.cucumber.testng.AbstractTestNGCucumberTests" name="runScenario" time="85.205">
    <failure type="java.lang.AssertionError" message="Not Able to SelectByValue for WebElement:[[ChromeDriver: chrome on windows (49359c590aab2cfff749378f8670702c)] -&amp;gt; xpath: //select[@id=&amp;apos;c1a346d0&amp;apos;]]. On Page title: Retrieval portal expected [true] but found [false]">
      <![CDATA[java.lang.AssertionError: Not Able to SelectByValue for WebElement:[[ChromeDriver: chrome on windows (49359c590aab2cfff749378f8670702c)] -> xpath: //select[@id='c1a346d0']]. On Page title: Retrieval portal expected [true] but found [false]
at org.testng.Assert.fail(Assert.java:111)
at org.testng.Assert.failNotEquals(Assert.java:1578)
at org.testng.Assert.assertTrue(Assert.java:57)
at utils.KeyWords.selectByValue(KeyWords.java:408)
at stepDefinitionFile.Create_RG_Sd.AddaSingleContact(Create_RG_Sd.java:69)
at ✽.Under Contact section Add a Single Contact(file:///C:/Users/HP/git/HDAP2_PEGAUI_Automation/src/main/java/featureFile/Create_RG.feature:116)
]]>
    </failure>
  </testcase> <!-- runScenario -->
  <testcase classname="io.cucumber.testng.AbstractTestNGCucumberTests" name="runScenario" time="73.743">
    <failure type="java.lang.AssertionError" message="Not Able to Enter Text in WebElement:[[ChromeDriver: chrome on windows (9cd9587f7f17251709fc842c362a0a8c)] -&amp;gt; xpath: //input[@id=&amp;apos;6da723dd&amp;apos;]]On Page: Retrieval portal expected [true] but found [false]">
      <![CDATA[java.lang.AssertionError: Not Able to Enter Text in WebElement:[[ChromeDriver: chrome on windows (9cd9587f7f17251709fc842c362a0a8c)] -> xpath: //input[@id='6da723dd']]On Page: Retrieval portal expected [true] but found [false]
at org.testng.Assert.fail(Assert.java:111)
at org.testng.Assert.failNotEquals(Assert.java:1578)
at org.testng.Assert.assertTrue(Assert.java:57)
at utils.KeyWords.sendKeys(KeyWords.java:181)
at stepDefinitionFile.Create_RG_Sd.UnderContactsectionAddaMultipleContacts(Create_RG_Sd.java:700)
at ✽.Under Contact section Add a Multiple Contacts(file:///C:/Users/HP/git/HDAP2_PEGAUI_Automation/src/main/java/featureFile/Create_RG.feature:129)
]]>
    </failure>
  </testcase> <!-- runScenario -->
</testsuite> <!-- Default test -->
