<?xml version="1.0" encoding="UTF-8"?>
<!-- Generated by org.testng.reporters.JUnitXMLReporter -->
<testsuite ignored="0" hostname="DESKTOP-ITILOB1" failures="0" tests="200" name="Default test" time="391.63" errors="0" timestamp="2024-12-16T21:43:36 IST">
  <testcase classname="APIs.ChaseRequests_With_Multiple_Projects" name="ChaseRequest_With_Single_Matching_RG_01" time="2.266"/>
  <testcase classname="APIs.ChaseRequests_With_Multiple_Projects" name="ChaseRequest_With_Single_Matching_RG_01" time="1.762"/>
  <testcase classname="APIs.ChaseRequests_With_Multiple_Projects" name="ChaseRequest_With_Single_Matching_RG_01" time="1.854"/>
  <testcase classname="APIs.ChaseRequests_With_Multiple_Projects" name="ChaseRequest_With_Single_Matching_RG_01" time="1.941"/>
  <testcase classname="APIs.ChaseRequests_With_Multiple_Projects" name="ChaseRequest_With_Single_Matching_RG_01" time="1.841"/>
  <testcase classname="APIs.ChaseRequests_With_Multiple_Projects" name="ChaseRequest_With_Single_Matching_RG_01" time="1.842"/>
  <testcase classname="APIs.ChaseRequests_With_Multiple_Projects" name="ChaseRequest_With_Single_Matching_RG_01" time="1.847"/>
  <testcase classname="APIs.ChaseRequests_With_Multiple_Projects" name="ChaseRequest_With_Single_Matching_RG_01" time="1.928"/>
  <testcase classname="APIs.ChaseRequests_With_Multiple_Projects" name="ChaseRequest_With_Single_Matching_RG_01" time="1.812"/>
  <testcase classname="APIs.ChaseRequests_With_Multiple_Projects" name="ChaseRequest_With_Single_Matching_RG_01" time="1.824"/>
  <testcase classname="APIs.ChaseRequests_With_Multiple_Projects" name="ChaseRequest_With_Single_Matching_RG_01" time="1.733"/>
  <testcase classname="APIs.ChaseRequests_With_Multiple_Projects" name="ChaseRequest_With_Single_Matching_RG_01" time="1.9"/>
  <testcase classname="APIs.ChaseRequests_With_Multiple_Projects" name="ChaseRequest_With_Single_Matching_RG_01" time="1.815"/>
  <testcase classname="APIs.ChaseRequests_With_Multiple_Projects" name="ChaseRequest_With_Single_Matching_RG_01" time="1.871"/>
  <testcase classname="APIs.ChaseRequests_With_Multiple_Projects" name="ChaseRequest_With_Single_Matching_RG_01" time="2.562"/>
  <testcase classname="APIs.ChaseRequests_With_Multiple_Projects" name="ChaseRequest_With_Single_Matching_RG_01" time="1.836"/>
  <testcase classname="APIs.ChaseRequests_With_Multiple_Projects" name="ChaseRequest_With_Single_Matching_RG_01" time="1.848"/>
  <testcase classname="APIs.ChaseRequests_With_Multiple_Projects" name="ChaseRequest_With_Single_Matching_RG_01" time="1.669"/>
  <testcase classname="APIs.ChaseRequests_With_Multiple_Projects" name="ChaseRequest_With_Single_Matching_RG_01" time="1.698"/>
  <testcase classname="APIs.ChaseRequests_With_Multiple_Projects" name="ChaseRequest_With_Single_Matching_RG_01" time="4.352"/>
  <testcase classname="APIs.ChaseRequests_With_Multiple_Projects" name="ChaseRequest_With_Single_Matching_RG_01" time="1.685"/>
  <testcase classname="APIs.ChaseRequests_With_Multiple_Projects" name="ChaseRequest_With_Single_Matching_RG_01" time="1.689"/>
  <testcase classname="APIs.ChaseRequests_With_Multiple_Projects" name="ChaseRequest_With_Single_Matching_RG_01" time="1.788"/>
  <testcase classname="APIs.ChaseRequests_With_Multiple_Projects" name="ChaseRequest_With_Single_Matching_RG_01" time="1.74"/>
  <testcase classname="APIs.ChaseRequests_With_Multiple_Projects" name="ChaseRequest_With_Single_Matching_RG_01" time="1.636"/>
  <testcase classname="APIs.ChaseRequests_With_Multiple_Projects" name="ChaseRequest_With_Single_Matching_RG_01" time="1.636"/>
  <testcase classname="APIs.ChaseRequests_With_Multiple_Projects" name="ChaseRequest_With_Single_Matching_RG_01" time="2.047"/>
  <testcase classname="APIs.ChaseRequests_With_Multiple_Projects" name="ChaseRequest_With_Single_Matching_RG_01" time="1.637"/>
  <testcase classname="APIs.ChaseRequests_With_Multiple_Projects" name="ChaseRequest_With_Single_Matching_RG_01" time="1.637"/>
  <testcase classname="APIs.ChaseRequests_With_Multiple_Projects" name="ChaseRequest_With_Single_Matching_RG_01" time="2.196"/>
  <testcase classname="APIs.ChaseRequests_With_Multiple_Projects" name="ChaseRequest_With_Single_Matching_RG_01" time="1.692"/>
  <testcase classname="APIs.ChaseRequests_With_Multiple_Projects" name="ChaseRequest_With_Single_Matching_RG_01" time="2.563"/>
  <testcase classname="APIs.ChaseRequests_With_Multiple_Projects" name="ChaseRequest_With_Single_Matching_RG_01" time="1.629"/>
  <testcase classname="APIs.ChaseRequests_With_Multiple_Projects" name="ChaseRequest_With_Single_Matching_RG_01" time="2.764"/>
  <testcase classname="APIs.ChaseRequests_With_Multiple_Projects" name="ChaseRequest_With_Single_Matching_RG_01" time="1.99"/>
  <testcase classname="APIs.ChaseRequests_With_Multiple_Projects" name="ChaseRequest_With_Single_Matching_RG_01" time="1.691"/>
  <testcase classname="APIs.ChaseRequests_With_Multiple_Projects" name="ChaseRequest_With_Single_Matching_RG_01" time="1.637"/>
  <testcase classname="APIs.ChaseRequests_With_Multiple_Projects" name="ChaseRequest_With_Single_Matching_RG_01" time="1.74"/>
  <testcase classname="APIs.ChaseRequests_With_Multiple_Projects" name="ChaseRequest_With_Single_Matching_RG_01" time="1.638"/>
  <testcase classname="APIs.ChaseRequests_With_Multiple_Projects" name="ChaseRequest_With_Single_Matching_RG_01" time="1.74"/>
  <testcase classname="APIs.ChaseRequests_With_Multiple_Projects" name="ChaseRequest_With_Single_Matching_RG_01" time="1.703"/>
  <testcase classname="APIs.ChaseRequests_With_Multiple_Projects" name="ChaseRequest_With_Single_Matching_RG_01" time="1.655"/>
  <testcase classname="APIs.ChaseRequests_With_Multiple_Projects" name="ChaseRequest_With_Single_Matching_RG_01" time="1.652"/>
  <testcase classname="APIs.ChaseRequests_With_Multiple_Projects" name="ChaseRequest_With_Single_Matching_RG_01" time="1.623"/>
  <testcase classname="APIs.ChaseRequests_With_Multiple_Projects" name="ChaseRequest_With_Single_Matching_RG_01" time="2.163"/>
  <testcase classname="APIs.ChaseRequests_With_Multiple_Projects" name="ChaseRequest_With_Single_Matching_RG_01" time="1.74"/>
  <testcase classname="APIs.ChaseRequests_With_Multiple_Projects" name="ChaseRequest_With_Single_Matching_RG_01" time="1.637"/>
  <testcase classname="APIs.ChaseRequests_With_Multiple_Projects" name="ChaseRequest_With_Single_Matching_RG_01" time="1.639"/>
  <testcase classname="APIs.ChaseRequests_With_Multiple_Projects" name="ChaseRequest_With_Single_Matching_RG_01" time="1.57"/>
  <testcase classname="APIs.ChaseRequests_With_Multiple_Projects" name="ChaseRequest_With_Single_Matching_RG_01" time="1.904"/>
  <testcase classname="APIs.ChaseRequests_With_Multiple_Projects" name="ChaseRequest_With_Single_Matching_RG_01" time="1.651"/>
  <testcase classname="APIs.ChaseRequests_With_Multiple_Projects" name="ChaseRequest_With_Single_Matching_RG_01" time="1.578"/>
  <testcase classname="APIs.ChaseRequests_With_Multiple_Projects" name="ChaseRequest_With_Single_Matching_RG_01" time="1.679"/>
  <testcase classname="APIs.ChaseRequests_With_Multiple_Projects" name="ChaseRequest_With_Single_Matching_RG_01" time="1.601"/>
  <testcase classname="APIs.ChaseRequests_With_Multiple_Projects" name="ChaseRequest_With_Single_Matching_RG_01" time="1.649"/>
  <testcase classname="APIs.ChaseRequests_With_Multiple_Projects" name="ChaseRequest_With_Single_Matching_RG_01" time="1.581"/>
  <testcase classname="APIs.ChaseRequests_With_Multiple_Projects" name="ChaseRequest_With_Single_Matching_RG_01" time="2.741"/>
  <testcase classname="APIs.ChaseRequests_With_Multiple_Projects" name="ChaseRequest_With_Single_Matching_RG_01" time="7.259"/>
  <testcase classname="APIs.ChaseRequests_With_Multiple_Projects" name="ChaseRequest_With_Single_Matching_RG_01" time="1.647"/>
  <testcase classname="APIs.ChaseRequests_With_Multiple_Projects" name="ChaseRequest_With_Single_Matching_RG_01" time="2.046"/>
  <testcase classname="APIs.ChaseRequests_With_Multiple_Projects" name="ChaseRequest_With_Single_Matching_RG_01" time="1.588"/>
  <testcase classname="APIs.ChaseRequests_With_Multiple_Projects" name="ChaseRequest_With_Single_Matching_RG_01" time="1.585"/>
  <testcase classname="APIs.ChaseRequests_With_Multiple_Projects" name="ChaseRequest_With_Single_Matching_RG_01" time="2.565"/>
  <testcase classname="APIs.ChaseRequests_With_Multiple_Projects" name="ChaseRequest_With_Single_Matching_RG_01" time="1.628"/>
  <testcase classname="APIs.ChaseRequests_With_Multiple_Projects" name="ChaseRequest_With_Single_Matching_RG_01" time="1.737"/>
  <testcase classname="APIs.ChaseRequests_With_Multiple_Projects" name="ChaseRequest_With_Single_Matching_RG_01" time="1.637"/>
  <testcase classname="APIs.ChaseRequests_With_Multiple_Projects" name="ChaseRequest_With_Single_Matching_RG_01" time="1.636"/>
  <testcase classname="APIs.ChaseRequests_With_Multiple_Projects" name="ChaseRequest_With_Single_Matching_RG_01" time="1.639"/>
  <testcase classname="APIs.ChaseRequests_With_Multiple_Projects" name="ChaseRequest_With_Single_Matching_RG_01" time="1.637"/>
  <testcase classname="APIs.ChaseRequests_With_Multiple_Projects" name="ChaseRequest_With_Single_Matching_RG_01" time="2.047"/>
  <testcase classname="APIs.ChaseRequests_With_Multiple_Projects" name="ChaseRequest_With_Single_Matching_RG_01" time="1.636"/>
  <testcase classname="APIs.ChaseRequests_With_Multiple_Projects" name="ChaseRequest_With_Single_Matching_RG_01" time="1.603"/>
  <testcase classname="APIs.ChaseRequests_With_Multiple_Projects" name="ChaseRequest_With_Single_Matching_RG_01" time="2.505"/>
  <testcase classname="APIs.ChaseRequests_With_Multiple_Projects" name="ChaseRequest_With_Single_Matching_RG_01" time="1.609"/>
  <testcase classname="APIs.ChaseRequests_With_Multiple_Projects" name="ChaseRequest_With_Single_Matching_RG_01" time="1.649"/>
  <testcase classname="APIs.ChaseRequests_With_Multiple_Projects" name="ChaseRequest_With_Single_Matching_RG_01" time="1.597"/>
  <testcase classname="APIs.ChaseRequests_With_Multiple_Projects" name="ChaseRequest_With_Single_Matching_RG_01" time="1.574"/>
  <testcase classname="APIs.ChaseRequests_With_Multiple_Projects" name="ChaseRequest_With_Single_Matching_RG_01" time="1.615"/>
  <testcase classname="APIs.ChaseRequests_With_Multiple_Projects" name="ChaseRequest_With_Single_Matching_RG_01" time="1.663"/>
  <testcase classname="APIs.ChaseRequests_With_Multiple_Projects" name="ChaseRequest_With_Single_Matching_RG_01" time="1.634"/>
  <testcase classname="APIs.ChaseRequests_With_Multiple_Projects" name="ChaseRequest_With_Single_Matching_RG_01" time="1.637"/>
  <testcase classname="APIs.ChaseRequests_With_Multiple_Projects" name="ChaseRequest_With_Single_Matching_RG_01" time="2.012"/>
  <testcase classname="APIs.ChaseRequests_With_Multiple_Projects" name="ChaseRequest_With_Single_Matching_RG_01" time="1.774"/>
  <testcase classname="APIs.ChaseRequests_With_Multiple_Projects" name="ChaseRequest_With_Single_Matching_RG_01" time="1.739"/>
  <testcase classname="APIs.ChaseRequests_With_Multiple_Projects" name="ChaseRequest_With_Single_Matching_RG_01" time="1.943"/>
  <testcase classname="APIs.ChaseRequests_With_Multiple_Projects" name="ChaseRequest_With_Single_Matching_RG_01" time="2.252"/>
  <testcase classname="APIs.ChaseRequests_With_Multiple_Projects" name="ChaseRequest_With_Single_Matching_RG_01" time="1.838"/>
  <testcase classname="APIs.ChaseRequests_With_Multiple_Projects" name="ChaseRequest_With_Single_Matching_RG_01" time="2.456"/>
  <testcase classname="APIs.ChaseRequests_With_Multiple_Projects" name="ChaseRequest_With_Single_Matching_RG_01" time="1.843"/>
  <testcase classname="APIs.ChaseRequests_With_Multiple_Projects" name="ChaseRequest_With_Single_Matching_RG_01" time="1.82"/>
  <testcase classname="APIs.ChaseRequests_With_Multiple_Projects" name="ChaseRequest_With_Single_Matching_RG_01" time="1.76"/>
  <testcase classname="APIs.ChaseRequests_With_Multiple_Projects" name="ChaseRequest_With_Single_Matching_RG_01" time="1.856"/>
  <testcase classname="APIs.ChaseRequests_With_Multiple_Projects" name="ChaseRequest_With_Single_Matching_RG_01" time="1.932"/>
  <testcase classname="APIs.ChaseRequests_With_Multiple_Projects" name="ChaseRequest_With_Single_Matching_RG_01" time="2.033"/>
  <testcase classname="APIs.ChaseRequests_With_Multiple_Projects" name="ChaseRequest_With_Single_Matching_RG_01" time="1.87"/>
  <testcase classname="APIs.ChaseRequests_With_Multiple_Projects" name="ChaseRequest_With_Single_Matching_RG_01" time="1.908"/>
  <testcase classname="APIs.ChaseRequests_With_Multiple_Projects" name="ChaseRequest_With_Single_Matching_RG_01" time="1.813"/>
  <testcase classname="APIs.ChaseRequests_With_Multiple_Projects" name="ChaseRequest_With_Single_Matching_RG_01" time="2.217"/>
  <testcase classname="APIs.ChaseRequests_With_Multiple_Projects" name="ChaseRequest_With_Single_Matching_RG_01" time="1.826"/>
  <testcase classname="APIs.ChaseRequests_With_Multiple_Projects" name="ChaseRequest_With_Single_Matching_RG_01" time="2.046"/>
  <testcase classname="APIs.ChaseRequests_With_Multiple_Projects" name="ChaseRequest_With_Single_Matching_RG_01" time="1.906"/>
  <testcase classname="APIs.ChaseRequests_With_Multiple_Projects" name="ChaseRequest_With_Single_Matching_RG_01" time="1.882"/>
  <testcase classname="APIs.ChaseRequests_With_Multiple_Projects" name="ChaseRequest_With_Single_Matching_RG_01" time="1.839"/>
  <testcase classname="APIs.ChaseRequests_With_Multiple_Projects" name="ChaseRequest_With_Single_Matching_RG_01" time="1.843"/>
  <testcase classname="APIs.ChaseRequests_With_Multiple_Projects" name="ChaseRequest_With_Single_Matching_RG_01" time="1.828"/>
  <testcase classname="APIs.ChaseRequests_With_Multiple_Projects" name="ChaseRequest_With_Single_Matching_RG_01" time="1.818"/>
  <testcase classname="APIs.ChaseRequests_With_Multiple_Projects" name="ChaseRequest_With_Single_Matching_RG_01" time="2.493"/>
  <testcase classname="APIs.ChaseRequests_With_Multiple_Projects" name="ChaseRequest_With_Single_Matching_RG_01" time="1.842"/>
  <testcase classname="APIs.ChaseRequests_With_Multiple_Projects" name="ChaseRequest_With_Single_Matching_RG_01" time="1.788"/>
  <testcase classname="APIs.ChaseRequests_With_Multiple_Projects" name="ChaseRequest_With_Single_Matching_RG_01" time="1.999"/>
  <testcase classname="APIs.ChaseRequests_With_Multiple_Projects" name="ChaseRequest_With_Single_Matching_RG_01" time="2.434"/>
  <testcase classname="APIs.ChaseRequests_With_Multiple_Projects" name="ChaseRequest_With_Single_Matching_RG_01" time="1.864"/>
  <testcase classname="APIs.ChaseRequests_With_Multiple_Projects" name="ChaseRequest_With_Single_Matching_RG_01" time="1.842"/>
  <testcase classname="APIs.ChaseRequests_With_Multiple_Projects" name="ChaseRequest_With_Single_Matching_RG_01" time="1.944"/>
  <testcase classname="APIs.ChaseRequests_With_Multiple_Projects" name="ChaseRequest_With_Single_Matching_RG_01" time="1.636"/>
  <testcase classname="APIs.ChaseRequests_With_Multiple_Projects" name="ChaseRequest_With_Single_Matching_RG_01" time="1.638"/>
  <testcase classname="APIs.ChaseRequests_With_Multiple_Projects" name="ChaseRequest_With_Single_Matching_RG_01" time="1.635"/>
  <testcase classname="APIs.ChaseRequests_With_Multiple_Projects" name="ChaseRequest_With_Single_Matching_RG_01" time="1.641"/>
  <testcase classname="APIs.ChaseRequests_With_Multiple_Projects" name="ChaseRequest_With_Single_Matching_RG_01" time="1.643"/>
  <testcase classname="APIs.ChaseRequests_With_Multiple_Projects" name="ChaseRequest_With_Single_Matching_RG_01" time="1.629"/>
  <testcase classname="APIs.ChaseRequests_With_Multiple_Projects" name="ChaseRequest_With_Single_Matching_RG_01" time="1.632"/>
  <testcase classname="APIs.ChaseRequests_With_Multiple_Projects" name="ChaseRequest_With_Single_Matching_RG_01" time="1.586"/>
  <testcase classname="APIs.ChaseRequests_With_Multiple_Projects" name="ChaseRequest_With_Single_Matching_RG_01" time="2.099"/>
  <testcase classname="APIs.ChaseRequests_With_Multiple_Projects" name="ChaseRequest_With_Single_Matching_RG_01" time="1.652"/>
  <testcase classname="APIs.ChaseRequests_With_Multiple_Projects" name="ChaseRequest_With_Single_Matching_RG_01" time="2.339"/>
  <testcase classname="APIs.ChaseRequests_With_Multiple_Projects" name="ChaseRequest_With_Single_Matching_RG_01" time="1.637"/>
  <testcase classname="APIs.ChaseRequests_With_Multiple_Projects" name="ChaseRequest_With_Single_Matching_RG_01" time="2.354"/>
  <testcase classname="APIs.ChaseRequests_With_Multiple_Projects" name="ChaseRequest_With_Single_Matching_RG_01" time="7.31"/>
  <testcase classname="APIs.ChaseRequests_With_Multiple_Projects" name="ChaseRequest_With_Single_Matching_RG_01" time="1.699"/>
  <testcase classname="APIs.ChaseRequests_With_Multiple_Projects" name="ChaseRequest_With_Single_Matching_RG_01" time="1.626"/>
  <testcase classname="APIs.ChaseRequests_With_Multiple_Projects" name="ChaseRequest_With_Single_Matching_RG_01" time="1.636"/>
  <testcase classname="APIs.ChaseRequests_With_Multiple_Projects" name="ChaseRequest_With_Single_Matching_RG_01" time="1.638"/>
  <testcase classname="APIs.ChaseRequests_With_Multiple_Projects" name="ChaseRequest_With_Single_Matching_RG_01" time="1.638"/>
  <testcase classname="APIs.ChaseRequests_With_Multiple_Projects" name="ChaseRequest_With_Single_Matching_RG_01" time="1.606"/>
  <testcase classname="APIs.ChaseRequests_With_Multiple_Projects" name="ChaseRequest_With_Single_Matching_RG_01" time="1.634"/>
  <testcase classname="APIs.ChaseRequests_With_Multiple_Projects" name="ChaseRequest_With_Single_Matching_RG_01" time="1.672"/>
  <testcase classname="APIs.ChaseRequests_With_Multiple_Projects" name="ChaseRequest_With_Single_Matching_RG_01" time="1.638"/>
  <testcase classname="APIs.ChaseRequests_With_Multiple_Projects" name="ChaseRequest_With_Single_Matching_RG_01" time="2.256"/>
  <testcase classname="APIs.ChaseRequests_With_Multiple_Projects" name="ChaseRequest_With_Single_Matching_RG_01" time="1.614"/>
  <testcase classname="APIs.ChaseRequests_With_Multiple_Projects" name="ChaseRequest_With_Single_Matching_RG_01" time="1.76"/>
  <testcase classname="APIs.ChaseRequests_With_Multiple_Projects" name="ChaseRequest_With_Single_Matching_RG_01" time="1.603"/>
  <testcase classname="APIs.ChaseRequests_With_Multiple_Projects" name="ChaseRequest_With_Single_Matching_RG_01" time="1.67"/>
  <testcase classname="APIs.ChaseRequests_With_Multiple_Projects" name="ChaseRequest_With_Single_Matching_RG_01" time="1.604"/>
  <testcase classname="APIs.ChaseRequests_With_Multiple_Projects" name="ChaseRequest_With_Single_Matching_RG_01" time="1.645"/>
  <testcase classname="APIs.ChaseRequests_With_Multiple_Projects" name="ChaseRequest_With_Single_Matching_RG_01" time="1.661"/>
  <testcase classname="APIs.ChaseRequests_With_Multiple_Projects" name="ChaseRequest_With_Single_Matching_RG_01" time="1.638"/>
  <testcase classname="APIs.ChaseRequests_With_Multiple_Projects" name="ChaseRequest_With_Single_Matching_RG_01" time="2.217"/>
  <testcase classname="APIs.ChaseRequests_With_Multiple_Projects" name="ChaseRequest_With_Single_Matching_RG_01" time="3.616"/>
  <testcase classname="APIs.ChaseRequests_With_Multiple_Projects" name="ChaseRequest_With_Single_Matching_RG_01" time="1.934"/>
  <testcase classname="APIs.ChaseRequests_With_Multiple_Projects" name="ChaseRequest_With_Single_Matching_RG_01" time="1.854"/>
  <testcase classname="APIs.ChaseRequests_With_Multiple_Projects" name="ChaseRequest_With_Single_Matching_RG_01" time="2.272"/>
  <testcase classname="APIs.ChaseRequests_With_Multiple_Projects" name="ChaseRequest_With_Single_Matching_RG_01" time="1.819"/>
  <testcase classname="APIs.ChaseRequests_With_Multiple_Projects" name="ChaseRequest_With_Single_Matching_RG_01" time="2.811"/>
  <testcase classname="APIs.ChaseRequests_With_Multiple_Projects" name="ChaseRequest_With_Single_Matching_RG_01" time="1.794"/>
  <testcase classname="APIs.ChaseRequests_With_Multiple_Projects" name="ChaseRequest_With_Single_Matching_RG_01" time="1.786"/>
  <testcase classname="APIs.ChaseRequests_With_Multiple_Projects" name="ChaseRequest_With_Single_Matching_RG_01" time="1.774"/>
  <testcase classname="APIs.ChaseRequests_With_Multiple_Projects" name="ChaseRequest_With_Single_Matching_RG_01" time="2.881"/>
  <testcase classname="APIs.ChaseRequests_With_Multiple_Projects" name="ChaseRequest_With_Single_Matching_RG_01" time="1.797"/>
  <testcase classname="APIs.ChaseRequests_With_Multiple_Projects" name="ChaseRequest_With_Single_Matching_RG_01" time="1.681"/>
  <testcase classname="APIs.ChaseRequests_With_Multiple_Projects" name="ChaseRequest_With_Single_Matching_RG_01" time="1.728"/>
  <testcase classname="APIs.ChaseRequests_With_Multiple_Projects" name="ChaseRequest_With_Single_Matching_RG_01" time="1.915"/>
  <testcase classname="APIs.ChaseRequests_With_Multiple_Projects" name="ChaseRequest_With_Single_Matching_RG_01" time="1.872"/>
  <testcase classname="APIs.ChaseRequests_With_Multiple_Projects" name="ChaseRequest_With_Single_Matching_RG_01" time="2.046"/>
  <testcase classname="APIs.ChaseRequests_With_Multiple_Projects" name="ChaseRequest_With_Single_Matching_RG_01" time="1.838"/>
  <testcase classname="APIs.ChaseRequests_With_Multiple_Projects" name="ChaseRequest_With_Single_Matching_RG_01" time="1.85"/>
  <testcase classname="APIs.ChaseRequests_With_Multiple_Projects" name="ChaseRequest_With_Single_Matching_RG_01" time="1.842"/>
  <testcase classname="APIs.ChaseRequests_With_Multiple_Projects" name="ChaseRequest_With_Single_Matching_RG_01" time="1.841"/>
  <testcase classname="APIs.ChaseRequests_With_Multiple_Projects" name="ChaseRequest_With_Single_Matching_RG_01" time="1.842"/>
  <testcase classname="APIs.ChaseRequests_With_Multiple_Projects" name="ChaseRequest_With_Single_Matching_RG_01" time="1.787"/>
  <testcase classname="APIs.ChaseRequests_With_Multiple_Projects" name="ChaseRequest_With_Single_Matching_RG_01" time="2.196"/>
  <testcase classname="APIs.ChaseRequests_With_Multiple_Projects" name="ChaseRequest_With_Single_Matching_RG_01" time="1.838"/>
  <testcase classname="APIs.ChaseRequests_With_Multiple_Projects" name="ChaseRequest_With_Single_Matching_RG_01" time="1.841"/>
  <testcase classname="APIs.ChaseRequests_With_Multiple_Projects" name="ChaseRequest_With_Single_Matching_RG_01" time="1.943"/>
  <testcase classname="APIs.ChaseRequests_With_Multiple_Projects" name="ChaseRequest_With_Single_Matching_RG_01" time="1.843"/>
  <testcase classname="APIs.ChaseRequests_With_Multiple_Projects" name="ChaseRequest_With_Single_Matching_RG_01" time="1.787"/>
  <testcase classname="APIs.ChaseRequests_With_Multiple_Projects" name="ChaseRequest_With_Single_Matching_RG_01" time="2.001"/>
  <testcase classname="APIs.ChaseRequests_With_Multiple_Projects" name="ChaseRequest_With_Single_Matching_RG_01" time="1.83"/>
  <testcase classname="APIs.ChaseRequests_With_Multiple_Projects" name="ChaseRequest_With_Single_Matching_RG_01" time="2.102"/>
  <testcase classname="APIs.ChaseRequests_With_Multiple_Projects" name="ChaseRequest_With_Single_Matching_RG_01" time="1.894"/>
  <testcase classname="APIs.ChaseRequests_With_Multiple_Projects" name="ChaseRequest_With_Single_Matching_RG_01" time="1.848"/>
  <testcase classname="APIs.ChaseRequests_With_Multiple_Projects" name="ChaseRequest_With_Single_Matching_RG_01" time="1.841"/>
  <testcase classname="APIs.ChaseRequests_With_Multiple_Projects" name="ChaseRequest_With_Single_Matching_RG_01" time="2.287"/>
  <testcase classname="APIs.ChaseRequests_With_Multiple_Projects" name="ChaseRequest_With_Single_Matching_RG_01" time="1.806"/>
  <testcase classname="APIs.ChaseRequests_With_Multiple_Projects" name="ChaseRequest_With_Single_Matching_RG_01" time="2.261"/>
  <testcase classname="APIs.ChaseRequests_With_Multiple_Projects" name="ChaseRequest_With_Single_Matching_RG_01" time="1.728"/>
  <testcase classname="APIs.ChaseRequests_With_Multiple_Projects" name="ChaseRequest_With_Single_Matching_RG_01" time="1.951"/>
  <testcase classname="APIs.ChaseRequests_With_Multiple_Projects" name="ChaseRequest_With_Single_Matching_RG_01" time="1.837"/>
  <testcase classname="APIs.ChaseRequests_With_Multiple_Projects" name="ChaseRequest_With_Single_Matching_RG_01" time="1.739"/>
  <testcase classname="APIs.ChaseRequests_With_Multiple_Projects" name="ChaseRequest_With_Single_Matching_RG_01" time="2.593"/>
  <testcase classname="APIs.ChaseRequests_With_Multiple_Projects" name="ChaseRequest_With_Single_Matching_RG_01" time="1.808"/>
  <testcase classname="APIs.ChaseRequests_With_Multiple_Projects" name="ChaseRequest_With_Single_Matching_RG_01" time="5.94"/>
  <testcase classname="APIs.ChaseRequests_With_Multiple_Projects" name="ChaseRequest_With_Single_Matching_RG_01" time="1.837"/>
  <testcase classname="APIs.ChaseRequests_With_Multiple_Projects" name="ChaseRequest_With_Single_Matching_RG_01" time="2.555"/>
  <testcase classname="APIs.ChaseRequests_With_Multiple_Projects" name="ChaseRequest_With_Single_Matching_RG_01" time="1.881"/>
  <testcase classname="APIs.ChaseRequests_With_Multiple_Projects" name="ChaseRequest_With_Single_Matching_RG_01" time="2.819"/>
  <testcase classname="APIs.ChaseRequests_With_Multiple_Projects" name="ChaseRequest_With_Single_Matching_RG_01" time="1.843"/>
  <testcase classname="APIs.ChaseRequests_With_Multiple_Projects" name="ChaseRequest_With_Single_Matching_RG_01" time="1.84"/>
  <testcase classname="APIs.ChaseRequests_With_Multiple_Projects" name="ChaseRequest_With_Single_Matching_RG_01" time="2.185"/>
  <testcase classname="APIs.ChaseRequests_With_Multiple_Projects" name="ChaseRequest_With_Single_Matching_RG_01" time="1.715"/>
  <testcase classname="APIs.ChaseRequests_With_Multiple_Projects" name="ChaseRequest_With_Single_Matching_RG_01" time="1.786"/>
</testsuite> <!-- Default test -->
