<?xml version="1.0" encoding="UTF-8"?>
<!-- Generated by org.testng.reporters.JUnitXMLReporter -->
<testsuite ignored="0" hostname="DESKTOP-ITILOB1" failures="0" tests="100" name="Test" time="15.664" errors="0" timestamp="2024-10-08T06:58:27 IST">
  <testcase classname="APIs.Bulk_Create_PreLaunch_Requests" name="ChaseRequest_With_Single_Matching_RG_08" time="3.796"/>
  <testcase classname="APIs.Bulk_Create_PreLaunch_Requests" name="ChaseRequest_With_Single_Matching_RG_07" time="3.796"/>
  <testcase classname="APIs.Bulk_Create_PreLaunch_Requests" name="ChaseRequest_With_Single_Matching_RG_10" time="4.14"/>
  <testcase classname="APIs.Bulk_Create_PreLaunch_Requests" name="ChaseRequest_With_Single_Matching_RG_05" time="4.154"/>
  <testcase classname="APIs.Bulk_Create_PreLaunch_Requests" name="ChaseRequest_With_Single_Matching_RG_08" time="0.938"/>
  <testcase classname="APIs.Bulk_Create_PreLaunch_Requests" name="ChaseRequest_With_Single_Matching_RG_07" time="0.958"/>
  <testcase classname="APIs.Bulk_Create_PreLaunch_Requests" name="ChaseRequest_With_Single_Matching_RG_10" time="0.911"/>
  <testcase classname="APIs.Bulk_Create_PreLaunch_Requests" name="ChaseRequest_With_Single_Matching_RG_05" time="0.937"/>
  <testcase classname="APIs.Bulk_Create_PreLaunch_Requests" name="ChaseRequest_With_Single_Matching_RG_09" time="5.615"/>
  <testcase classname="APIs.Bulk_Create_PreLaunch_Requests" name="ChaseRequest_With_Single_Matching_RG_08" time="0.886"/>
  <testcase classname="APIs.Bulk_Create_PreLaunch_Requests" name="ChaseRequest_With_Single_Matching_RG_07" time="0.916"/>
  <testcase classname="APIs.Bulk_Create_PreLaunch_Requests" name="ChaseRequest_With_Single_Matching_RG_06" time="5.704"/>
  <testcase classname="APIs.Bulk_Create_PreLaunch_Requests" name="ChaseRequest_With_Single_Matching_RG_04" time="5.708"/>
  <testcase classname="APIs.Bulk_Create_PreLaunch_Requests" name="ChaseRequest_With_Single_Matching_RG_03" time="5.732"/>
  <testcase classname="APIs.Bulk_Create_PreLaunch_Requests" name="ChaseRequest_With_Single_Matching_RG_01" time="5.753"/>
  <testcase classname="APIs.Bulk_Create_PreLaunch_Requests" name="ChaseRequest_With_Single_Matching_RG_02" time="5.851"/>
  <testcase classname="APIs.Bulk_Create_PreLaunch_Requests" name="ChaseRequest_With_Single_Matching_RG_10" time="0.926"/>
  <testcase classname="APIs.Bulk_Create_PreLaunch_Requests" name="ChaseRequest_With_Single_Matching_RG_05" time="0.911"/>
  <testcase classname="APIs.Bulk_Create_PreLaunch_Requests" name="ChaseRequest_With_Single_Matching_RG_09" time="0.902"/>
  <testcase classname="APIs.Bulk_Create_PreLaunch_Requests" name="ChaseRequest_With_Single_Matching_RG_08" time="0.959"/>
  <testcase classname="APIs.Bulk_Create_PreLaunch_Requests" name="ChaseRequest_With_Single_Matching_RG_06" time="0.887"/>
  <testcase classname="APIs.Bulk_Create_PreLaunch_Requests" name="ChaseRequest_With_Single_Matching_RG_07" time="0.944"/>
  <testcase classname="APIs.Bulk_Create_PreLaunch_Requests" name="ChaseRequest_With_Single_Matching_RG_04" time="0.937"/>
  <testcase classname="APIs.Bulk_Create_PreLaunch_Requests" name="ChaseRequest_With_Single_Matching_RG_01" time="0.9"/>
  <testcase classname="APIs.Bulk_Create_PreLaunch_Requests" name="ChaseRequest_With_Single_Matching_RG_02" time="0.901"/>
  <testcase classname="APIs.Bulk_Create_PreLaunch_Requests" name="ChaseRequest_With_Single_Matching_RG_05" time="0.904"/>
  <testcase classname="APIs.Bulk_Create_PreLaunch_Requests" name="ChaseRequest_With_Single_Matching_RG_10" time="0.928"/>
  <testcase classname="APIs.Bulk_Create_PreLaunch_Requests" name="ChaseRequest_With_Single_Matching_RG_09" time="0.894"/>
  <testcase classname="APIs.Bulk_Create_PreLaunch_Requests" name="ChaseRequest_With_Single_Matching_RG_06" time="0.904"/>
  <testcase classname="APIs.Bulk_Create_PreLaunch_Requests" name="ChaseRequest_With_Single_Matching_RG_08" time="0.911"/>
  <testcase classname="APIs.Bulk_Create_PreLaunch_Requests" name="ChaseRequest_With_Single_Matching_RG_04" time="0.912"/>
  <testcase classname="APIs.Bulk_Create_PreLaunch_Requests" name="ChaseRequest_With_Single_Matching_RG_07" time="0.94"/>
  <testcase classname="APIs.Bulk_Create_PreLaunch_Requests" name="ChaseRequest_With_Single_Matching_RG_01" time="0.938"/>
  <testcase classname="APIs.Bulk_Create_PreLaunch_Requests" name="ChaseRequest_With_Single_Matching_RG_02" time="0.906"/>
  <testcase classname="APIs.Bulk_Create_PreLaunch_Requests" name="ChaseRequest_With_Single_Matching_RG_05" time="0.887"/>
  <testcase classname="APIs.Bulk_Create_PreLaunch_Requests" name="ChaseRequest_With_Single_Matching_RG_10" time="0.911"/>
  <testcase classname="APIs.Bulk_Create_PreLaunch_Requests" name="ChaseRequest_With_Single_Matching_RG_09" time="0.879"/>
  <testcase classname="APIs.Bulk_Create_PreLaunch_Requests" name="ChaseRequest_With_Single_Matching_RG_08" time="0.884"/>
  <testcase classname="APIs.Bulk_Create_PreLaunch_Requests" name="ChaseRequest_With_Single_Matching_RG_06" time="0.914"/>
  <testcase classname="APIs.Bulk_Create_PreLaunch_Requests" name="ChaseRequest_With_Single_Matching_RG_04" time="0.887"/>
  <testcase classname="APIs.Bulk_Create_PreLaunch_Requests" name="ChaseRequest_With_Single_Matching_RG_07" time="0.917"/>
  <testcase classname="APIs.Bulk_Create_PreLaunch_Requests" name="ChaseRequest_With_Single_Matching_RG_01" time="0.903"/>
  <testcase classname="APIs.Bulk_Create_PreLaunch_Requests" name="ChaseRequest_With_Single_Matching_RG_03" time="2.791"/>
  <testcase classname="APIs.Bulk_Create_PreLaunch_Requests" name="ChaseRequest_With_Single_Matching_RG_02" time="0.894"/>
  <testcase classname="APIs.Bulk_Create_PreLaunch_Requests" name="ChaseRequest_With_Single_Matching_RG_05" time="0.907"/>
  <testcase classname="APIs.Bulk_Create_PreLaunch_Requests" name="ChaseRequest_With_Single_Matching_RG_10" time="0.906"/>
  <testcase classname="APIs.Bulk_Create_PreLaunch_Requests" name="ChaseRequest_With_Single_Matching_RG_09" time="0.895"/>
  <testcase classname="APIs.Bulk_Create_PreLaunch_Requests" name="ChaseRequest_With_Single_Matching_RG_08" time="0.886"/>
  <testcase classname="APIs.Bulk_Create_PreLaunch_Requests" name="ChaseRequest_With_Single_Matching_RG_06" time="0.891"/>
  <testcase classname="APIs.Bulk_Create_PreLaunch_Requests" name="ChaseRequest_With_Single_Matching_RG_04" time="0.911"/>
  <testcase classname="APIs.Bulk_Create_PreLaunch_Requests" name="ChaseRequest_With_Single_Matching_RG_07" time="0.887"/>
  <testcase classname="APIs.Bulk_Create_PreLaunch_Requests" name="ChaseRequest_With_Single_Matching_RG_03" time="0.864"/>
  <testcase classname="APIs.Bulk_Create_PreLaunch_Requests" name="ChaseRequest_With_Single_Matching_RG_01" time="0.945"/>
  <testcase classname="APIs.Bulk_Create_PreLaunch_Requests" name="ChaseRequest_With_Single_Matching_RG_02" time="0.92"/>
  <testcase classname="APIs.Bulk_Create_PreLaunch_Requests" name="ChaseRequest_With_Single_Matching_RG_10" time="0.883"/>
  <testcase classname="APIs.Bulk_Create_PreLaunch_Requests" name="ChaseRequest_With_Single_Matching_RG_05" time="0.914"/>
  <testcase classname="APIs.Bulk_Create_PreLaunch_Requests" name="ChaseRequest_With_Single_Matching_RG_09" time="0.877"/>
  <testcase classname="APIs.Bulk_Create_PreLaunch_Requests" name="ChaseRequest_With_Single_Matching_RG_08" time="0.866"/>
  <testcase classname="APIs.Bulk_Create_PreLaunch_Requests" name="ChaseRequest_With_Single_Matching_RG_06" time="0.884"/>
  <testcase classname="APIs.Bulk_Create_PreLaunch_Requests" name="ChaseRequest_With_Single_Matching_RG_04" time="0.897"/>
  <testcase classname="APIs.Bulk_Create_PreLaunch_Requests" name="ChaseRequest_With_Single_Matching_RG_03" time="0.874"/>
  <testcase classname="APIs.Bulk_Create_PreLaunch_Requests" name="ChaseRequest_With_Single_Matching_RG_07" time="0.913"/>
  <testcase classname="APIs.Bulk_Create_PreLaunch_Requests" name="ChaseRequest_With_Single_Matching_RG_01" time="0.865"/>
  <testcase classname="APIs.Bulk_Create_PreLaunch_Requests" name="ChaseRequest_With_Single_Matching_RG_02" time="0.91"/>
  <testcase classname="APIs.Bulk_Create_PreLaunch_Requests" name="ChaseRequest_With_Single_Matching_RG_05" time="0.899"/>
  <testcase classname="APIs.Bulk_Create_PreLaunch_Requests" name="ChaseRequest_With_Single_Matching_RG_10" time="0.913"/>
  <testcase classname="APIs.Bulk_Create_PreLaunch_Requests" name="ChaseRequest_With_Single_Matching_RG_09" time="0.923"/>
  <testcase classname="APIs.Bulk_Create_PreLaunch_Requests" name="ChaseRequest_With_Single_Matching_RG_08" time="0.898"/>
  <testcase classname="APIs.Bulk_Create_PreLaunch_Requests" name="ChaseRequest_With_Single_Matching_RG_06" time="0.858"/>
  <testcase classname="APIs.Bulk_Create_PreLaunch_Requests" name="ChaseRequest_With_Single_Matching_RG_03" time="0.891"/>
  <testcase classname="APIs.Bulk_Create_PreLaunch_Requests" name="ChaseRequest_With_Single_Matching_RG_04" time="0.899"/>
  <testcase classname="APIs.Bulk_Create_PreLaunch_Requests" name="ChaseRequest_With_Single_Matching_RG_07" time="0.873"/>
  <testcase classname="APIs.Bulk_Create_PreLaunch_Requests" name="ChaseRequest_With_Single_Matching_RG_01" time="0.907"/>
  <testcase classname="APIs.Bulk_Create_PreLaunch_Requests" name="ChaseRequest_With_Single_Matching_RG_02" time="0.944"/>
  <testcase classname="APIs.Bulk_Create_PreLaunch_Requests" name="ChaseRequest_With_Single_Matching_RG_05" time="0.891"/>
  <testcase classname="APIs.Bulk_Create_PreLaunch_Requests" name="ChaseRequest_With_Single_Matching_RG_10" time="0.909"/>
  <testcase classname="APIs.Bulk_Create_PreLaunch_Requests" name="ChaseRequest_With_Single_Matching_RG_09" time="0.931"/>
  <testcase classname="APIs.Bulk_Create_PreLaunch_Requests" name="ChaseRequest_With_Single_Matching_RG_08" time="0.892"/>
  <testcase classname="APIs.Bulk_Create_PreLaunch_Requests" name="ChaseRequest_With_Single_Matching_RG_06" time="0.95"/>
  <testcase classname="APIs.Bulk_Create_PreLaunch_Requests" name="ChaseRequest_With_Single_Matching_RG_04" time="0.898"/>
  <testcase classname="APIs.Bulk_Create_PreLaunch_Requests" name="ChaseRequest_With_Single_Matching_RG_03" time="0.909"/>
  <testcase classname="APIs.Bulk_Create_PreLaunch_Requests" name="ChaseRequest_With_Single_Matching_RG_07" time="0.919"/>
  <testcase classname="APIs.Bulk_Create_PreLaunch_Requests" name="ChaseRequest_With_Single_Matching_RG_01" time="0.86"/>
  <testcase classname="APIs.Bulk_Create_PreLaunch_Requests" name="ChaseRequest_With_Single_Matching_RG_02" time="0.885"/>
  <testcase classname="APIs.Bulk_Create_PreLaunch_Requests" name="ChaseRequest_With_Single_Matching_RG_05" time="0.885"/>
  <testcase classname="APIs.Bulk_Create_PreLaunch_Requests" name="ChaseRequest_With_Single_Matching_RG_10" time="0.927"/>
  <testcase classname="APIs.Bulk_Create_PreLaunch_Requests" name="ChaseRequest_With_Single_Matching_RG_09" time="0.844"/>
  <testcase classname="APIs.Bulk_Create_PreLaunch_Requests" name="ChaseRequest_With_Single_Matching_RG_06" time="0.878"/>
  <testcase classname="APIs.Bulk_Create_PreLaunch_Requests" name="ChaseRequest_With_Single_Matching_RG_03" time="0.863"/>
  <testcase classname="APIs.Bulk_Create_PreLaunch_Requests" name="ChaseRequest_With_Single_Matching_RG_04" time="0.888"/>
  <testcase classname="APIs.Bulk_Create_PreLaunch_Requests" name="ChaseRequest_With_Single_Matching_RG_01" time="0.894"/>
  <testcase classname="APIs.Bulk_Create_PreLaunch_Requests" name="ChaseRequest_With_Single_Matching_RG_02" time="0.896"/>
  <testcase classname="APIs.Bulk_Create_PreLaunch_Requests" name="ChaseRequest_With_Single_Matching_RG_09" time="0.885"/>
  <testcase classname="APIs.Bulk_Create_PreLaunch_Requests" name="ChaseRequest_With_Single_Matching_RG_06" time="0.848"/>
  <testcase classname="APIs.Bulk_Create_PreLaunch_Requests" name="ChaseRequest_With_Single_Matching_RG_04" time="0.861"/>
  <testcase classname="APIs.Bulk_Create_PreLaunch_Requests" name="ChaseRequest_With_Single_Matching_RG_03" time="0.884"/>
  <testcase classname="APIs.Bulk_Create_PreLaunch_Requests" name="ChaseRequest_With_Single_Matching_RG_01" time="0.923"/>
  <testcase classname="APIs.Bulk_Create_PreLaunch_Requests" name="ChaseRequest_With_Single_Matching_RG_02" time="0.888"/>
  <testcase classname="APIs.Bulk_Create_PreLaunch_Requests" name="ChaseRequest_With_Single_Matching_RG_03" time="0.888"/>
  <testcase classname="APIs.Bulk_Create_PreLaunch_Requests" name="ChaseRequest_With_Single_Matching_RG_03" time="0.903"/>
</testsuite> <!-- Test -->
