<?xml version="1.0" encoding="UTF-8"?>
<testng-results ignored="0" total="40" passed="38" failed="2" skipped="0">
  <reporter-output>
  </reporter-output>
  <suite started-at="2024-10-04T19:35:23 IST" name="Default suite" finished-at="2024-10-04T19:37:06 IST" duration-ms="102925">
    <groups>
    </groups>
    <test started-at="2024-10-04T19:35:23 IST" name="Default test" finished-at="2024-10-04T19:37:06 IST" duration-ms="102925">
      <class name="HDAP_APIs.Create_Multiple_Projects_With_PreLauch_Status">
        <test-method signature="ChaseRequest_With_Single_Matching_RG(java.lang.String,java.lang.String)[pri:0, instance:HDAP_APIs.Create_Multiple_Projects_With_PreLauch_Status@5fa05212]" started-at="2024-10-04T19:35:23 IST" name="ChaseRequest_With_Single_Matching_RG" data-provider="projectNames" finished-at="2024-10-04T19:35:39 IST" duration-ms="16084" status="FAIL">
          <params>
            <param index="0">
              <value>
                <![CDATA[P610]]>
              </value>
            </param>
            <param index="1">
              <value>
                <![CDATA[CRA]]>
              </value>
            </param>
          </params>
          <exception class="java.lang.AssertionError">
            <message>
              <![CDATA[1 expectation failed.
Expected status code <202> but was <500>.
]]>
            </message>
            <full-stacktrace>
              <![CDATA[java.lang.AssertionError: 1 expectation failed.
Expected status code <202> but was <500>.

at java.base/jdk.internal.reflect.NativeConstructorAccessorImpl.newInstance0(Native Method)
at java.base/jdk.internal.reflect.NativeConstructorAccessorImpl.newInstance(NativeConstructorAccessorImpl.java:78)
at java.base/jdk.internal.reflect.DelegatingConstructorAccessorImpl.newInstance(DelegatingConstructorAccessorImpl.java:45)
at java.base/java.lang.reflect.Constructor.newInstanceWithCaller(Constructor.java:499)
at java.base/java.lang.reflect.Constructor.newInstance(Constructor.java:480)
at org.codehaus.groovy.reflection.CachedConstructor.invoke(CachedConstructor.java:73)
at org.codehaus.groovy.reflection.CachedConstructor.doConstructorInvoke(CachedConstructor.java:60)
at org.codehaus.groovy.runtime.callsite.ConstructorSite$ConstructorSiteNoUnwrap.callConstructor(ConstructorSite.java:86)
at org.codehaus.groovy.runtime.callsite.CallSiteArray.defaultCallConstructor(CallSiteArray.java:57)
at org.codehaus.groovy.runtime.callsite.AbstractCallSite.callConstructor(AbstractCallSite.java:263)
at org.codehaus.groovy.runtime.callsite.AbstractCallSite.callConstructor(AbstractCallSite.java:277)
at io.restassured.internal.ResponseSpecificationImpl$HamcrestAssertionClosure.validate(ResponseSpecificationImpl.groovy:512)
at io.restassured.internal.ResponseSpecificationImpl$HamcrestAssertionClosure$validate$1.call(Unknown Source)
at org.codehaus.groovy.runtime.callsite.CallSiteArray.defaultCall(CallSiteArray.java:45)
at org.codehaus.groovy.runtime.callsite.AbstractCallSite.call(AbstractCallSite.java:125)
at org.codehaus.groovy.runtime.callsite.AbstractCallSite.call(AbstractCallSite.java:139)
at io.restassured.internal.ResponseSpecificationImpl.validateResponseIfRequired(ResponseSpecificationImpl.groovy:696)
at io.restassured.internal.ResponseSpecificationImpl.this$2$validateResponseIfRequired(ResponseSpecificationImpl.groovy)
at java.base/jdk.internal.reflect.NativeMethodAccessorImpl.invoke0(Native Method)
at java.base/jdk.internal.reflect.NativeMethodAccessorImpl.invoke(NativeMethodAccessorImpl.java:78)
at java.base/jdk.internal.reflect.DelegatingMethodAccessorImpl.invoke(DelegatingMethodAccessorImpl.java:43)
at java.base/java.lang.reflect.Method.invoke(Method.java:567)
at org.codehaus.groovy.runtime.callsite.PlainObjectMetaMethodSite.doInvoke(PlainObjectMetaMethodSite.java:43)
at org.codehaus.groovy.runtime.callsite.PogoMetaMethodSite$PogoCachedMethodSiteNoUnwrapNoCoerce.invoke(PogoMetaMethodSite.java:198)
at org.codehaus.groovy.runtime.callsite.PogoMetaMethodSite.callCurrent(PogoMetaMethodSite.java:62)
at org.codehaus.groovy.runtime.callsite.CallSiteArray.defaultCallCurrent(CallSiteArray.java:49)
at org.codehaus.groovy.runtime.callsite.AbstractCallSite.callCurrent(AbstractCallSite.java:171)
at org.codehaus.groovy.runtime.callsite.AbstractCallSite.callCurrent(AbstractCallSite.java:185)
at io.restassured.internal.ResponseSpecificationImpl.statusCode(ResponseSpecificationImpl.groovy:135)
at io.restassured.specification.ResponseSpecification$statusCode$0.callCurrent(Unknown Source)
at org.codehaus.groovy.runtime.callsite.CallSiteArray.defaultCallCurrent(CallSiteArray.java:49)
at org.codehaus.groovy.runtime.callsite.AbstractCallSite.callCurrent(AbstractCallSite.java:171)
at org.codehaus.groovy.runtime.callsite.AbstractCallSite.callCurrent(AbstractCallSite.java:185)
at io.restassured.internal.ResponseSpecificationImpl.statusCode(ResponseSpecificationImpl.groovy:143)
at io.restassured.internal.ValidatableResponseOptionsImpl.statusCode(ValidatableResponseOptionsImpl.java:89)
at HDAP_APIs.Create_Multiple_Projects_With_PreLauch_Status.ChaseRequest_With_Single_Matching_RG(Create_Multiple_Projects_With_PreLauch_Status.java:42)
at java.base/jdk.internal.reflect.NativeMethodAccessorImpl.invoke0(Native Method)
at java.base/jdk.internal.reflect.NativeMethodAccessorImpl.invoke(NativeMethodAccessorImpl.java:78)
at java.base/jdk.internal.reflect.DelegatingMethodAccessorImpl.invoke(DelegatingMethodAccessorImpl.java:43)
at java.base/java.lang.reflect.Method.invoke(Method.java:567)
at org.testng.internal.invokers.MethodInvocationHelper.invokeMethod(MethodInvocationHelper.java:141)
at org.testng.internal.invokers.TestInvoker.invokeMethod(TestInvoker.java:686)
at org.testng.internal.invokers.TestInvoker.invokeTestMethod(TestInvoker.java:230)
at org.testng.internal.invokers.MethodRunner.runInSequence(MethodRunner.java:63)
at org.testng.internal.invokers.TestInvoker$MethodInvocationAgent.invoke(TestInvoker.java:992)
at org.testng.internal.invokers.TestInvoker.invokeTestMethods(TestInvoker.java:203)
at org.testng.internal.invokers.TestMethodWorker.invokeTestMethods(TestMethodWorker.java:154)
at org.testng.internal.invokers.TestMethodWorker.run(TestMethodWorker.java:134)
at java.base/java.util.ArrayList.forEach(ArrayList.java:1511)
at org.testng.TestRunner.privateRun(TestRunner.java:739)
at org.testng.TestRunner.run(TestRunner.java:614)
at org.testng.SuiteRunner.runTest(SuiteRunner.java:421)
at org.testng.SuiteRunner.runSequentially(SuiteRunner.java:413)
at org.testng.SuiteRunner.privateRun(SuiteRunner.java:373)
at org.testng.SuiteRunner.run(SuiteRunner.java:312)
at org.testng.SuiteRunnerWorker.runSuite(SuiteRunnerWorker.java:52)
at org.testng.SuiteRunnerWorker.run(SuiteRunnerWorker.java:95)
at org.testng.TestNG.runSuitesSequentially(TestNG.java:1274)
at org.testng.TestNG.runSuitesLocally(TestNG.java:1208)
at org.testng.TestNG.runSuites(TestNG.java:1112)
at org.testng.TestNG.run(TestNG.java:1079)
at org.testng.remote.AbstractRemoteTestNG.run(AbstractRemoteTestNG.java:115)
at org.testng.remote.RemoteTestNG.initAndRun(RemoteTestNG.java:293)
at org.testng.remote.RemoteTestNG.main(RemoteTestNG.java:91)
]]>
            </full-stacktrace>
          </exception> <!-- java.lang.AssertionError -->
          <reporter-output>
          </reporter-output>
        </test-method> <!-- ChaseRequest_With_Single_Matching_RG -->
        <test-method signature="ChaseRequest_With_Single_Matching_RG(java.lang.String,java.lang.String)[pri:0, instance:HDAP_APIs.Create_Multiple_Projects_With_PreLauch_Status@5fa05212]" started-at="2024-10-04T19:35:39 IST" name="ChaseRequest_With_Single_Matching_RG" data-provider="projectNames" finished-at="2024-10-04T19:35:46 IST" duration-ms="7355" status="PASS">
          <params>
            <param index="0">
              <value>
                <![CDATA[P610]]>
              </value>
            </param>
            <param index="1">
              <value>
                <![CDATA[CCV]]>
              </value>
            </param>
          </params>
          <reporter-output>
          </reporter-output>
        </test-method> <!-- ChaseRequest_With_Single_Matching_RG -->
        <test-method signature="ChaseRequest_With_Single_Matching_RG(java.lang.String,java.lang.String)[pri:0, instance:HDAP_APIs.Create_Multiple_Projects_With_PreLauch_Status@5fa05212]" started-at="2024-10-04T19:35:46 IST" name="ChaseRequest_With_Single_Matching_RG" data-provider="projectNames" finished-at="2024-10-04T19:35:50 IST" duration-ms="3434" status="PASS">
          <params>
            <param index="0">
              <value>
                <![CDATA[P610]]>
              </value>
            </param>
            <param index="1">
              <value>
                <![CDATA[RCA]]>
              </value>
            </param>
          </params>
          <reporter-output>
          </reporter-output>
        </test-method> <!-- ChaseRequest_With_Single_Matching_RG -->
        <test-method signature="ChaseRequest_With_Single_Matching_RG(java.lang.String,java.lang.String)[pri:0, instance:HDAP_APIs.Create_Multiple_Projects_With_PreLauch_Status@5fa05212]" started-at="2024-10-04T19:35:50 IST" name="ChaseRequest_With_Single_Matching_RG" data-provider="projectNames" finished-at="2024-10-04T19:36:01 IST" duration-ms="11100" status="FAIL">
          <params>
            <param index="0">
              <value>
                <![CDATA[P610]]>
              </value>
            </param>
            <param index="1">
              <value>
                <![CDATA[HEDIS]]>
              </value>
            </param>
          </params>
          <exception class="java.lang.AssertionError">
            <message>
              <![CDATA[1 expectation failed.
Expected status code <202> but was <500>.
]]>
            </message>
            <full-stacktrace>
              <![CDATA[java.lang.AssertionError: 1 expectation failed.
Expected status code <202> but was <500>.

at java.base/jdk.internal.reflect.NativeConstructorAccessorImpl.newInstance0(Native Method)
at java.base/jdk.internal.reflect.NativeConstructorAccessorImpl.newInstance(NativeConstructorAccessorImpl.java:78)
at java.base/jdk.internal.reflect.DelegatingConstructorAccessorImpl.newInstance(DelegatingConstructorAccessorImpl.java:45)
at java.base/java.lang.reflect.Constructor.newInstanceWithCaller(Constructor.java:499)
at java.base/java.lang.reflect.Constructor.newInstance(Constructor.java:480)
at org.codehaus.groovy.reflection.CachedConstructor.invoke(CachedConstructor.java:73)
at org.codehaus.groovy.reflection.CachedConstructor.doConstructorInvoke(CachedConstructor.java:60)
at org.codehaus.groovy.runtime.callsite.ConstructorSite$ConstructorSiteNoUnwrap.callConstructor(ConstructorSite.java:86)
at org.codehaus.groovy.runtime.callsite.AbstractCallSite.callConstructor(AbstractCallSite.java:277)
at io.restassured.internal.ResponseSpecificationImpl$HamcrestAssertionClosure.validate(ResponseSpecificationImpl.groovy:512)
at io.restassured.internal.ResponseSpecificationImpl$HamcrestAssertionClosure$validate$1.call(Unknown Source)
at io.restassured.internal.ResponseSpecificationImpl.validateResponseIfRequired(ResponseSpecificationImpl.groovy:696)
at io.restassured.internal.ResponseSpecificationImpl.this$2$validateResponseIfRequired(ResponseSpecificationImpl.groovy)
at java.base/jdk.internal.reflect.NativeMethodAccessorImpl.invoke0(Native Method)
at java.base/jdk.internal.reflect.NativeMethodAccessorImpl.invoke(NativeMethodAccessorImpl.java:78)
at java.base/jdk.internal.reflect.DelegatingMethodAccessorImpl.invoke(DelegatingMethodAccessorImpl.java:43)
at java.base/java.lang.reflect.Method.invoke(Method.java:567)
at org.codehaus.groovy.runtime.callsite.PlainObjectMetaMethodSite.doInvoke(PlainObjectMetaMethodSite.java:43)
at org.codehaus.groovy.runtime.callsite.PogoMetaMethodSite$PogoCachedMethodSiteNoUnwrapNoCoerce.invoke(PogoMetaMethodSite.java:198)
at org.codehaus.groovy.runtime.callsite.PogoMetaMethodSite.callCurrent(PogoMetaMethodSite.java:62)
at org.codehaus.groovy.runtime.callsite.AbstractCallSite.callCurrent(AbstractCallSite.java:185)
at io.restassured.internal.ResponseSpecificationImpl.statusCode(ResponseSpecificationImpl.groovy:135)
at io.restassured.specification.ResponseSpecification$statusCode$0.callCurrent(Unknown Source)
at io.restassured.internal.ResponseSpecificationImpl.statusCode(ResponseSpecificationImpl.groovy:143)
at io.restassured.internal.ValidatableResponseOptionsImpl.statusCode(ValidatableResponseOptionsImpl.java:89)
at HDAP_APIs.Create_Multiple_Projects_With_PreLauch_Status.ChaseRequest_With_Single_Matching_RG(Create_Multiple_Projects_With_PreLauch_Status.java:42)
at java.base/jdk.internal.reflect.NativeMethodAccessorImpl.invoke0(Native Method)
at java.base/jdk.internal.reflect.NativeMethodAccessorImpl.invoke(NativeMethodAccessorImpl.java:78)
at java.base/jdk.internal.reflect.DelegatingMethodAccessorImpl.invoke(DelegatingMethodAccessorImpl.java:43)
at java.base/java.lang.reflect.Method.invoke(Method.java:567)
at org.testng.internal.invokers.MethodInvocationHelper.invokeMethod(MethodInvocationHelper.java:141)
at org.testng.internal.invokers.TestInvoker.invokeMethod(TestInvoker.java:686)
at org.testng.internal.invokers.TestInvoker.invokeTestMethod(TestInvoker.java:230)
at org.testng.internal.invokers.MethodRunner.runInSequence(MethodRunner.java:63)
at org.testng.internal.invokers.TestInvoker$MethodInvocationAgent.invoke(TestInvoker.java:992)
at org.testng.internal.invokers.TestInvoker.invokeTestMethods(TestInvoker.java:203)
at org.testng.internal.invokers.TestMethodWorker.invokeTestMethods(TestMethodWorker.java:154)
at org.testng.internal.invokers.TestMethodWorker.run(TestMethodWorker.java:134)
at java.base/java.util.ArrayList.forEach(ArrayList.java:1511)
at org.testng.TestRunner.privateRun(TestRunner.java:739)
at org.testng.TestRunner.run(TestRunner.java:614)
at org.testng.SuiteRunner.runTest(SuiteRunner.java:421)
at org.testng.SuiteRunner.runSequentially(SuiteRunner.java:413)
at org.testng.SuiteRunner.privateRun(SuiteRunner.java:373)
at org.testng.SuiteRunner.run(SuiteRunner.java:312)
at org.testng.SuiteRunnerWorker.runSuite(SuiteRunnerWorker.java:52)
at org.testng.SuiteRunnerWorker.run(SuiteRunnerWorker.java:95)
at org.testng.TestNG.runSuitesSequentially(TestNG.java:1274)
at org.testng.TestNG.runSuitesLocally(TestNG.java:1208)
at org.testng.TestNG.runSuites(TestNG.java:1112)
at org.testng.TestNG.run(TestNG.java:1079)
at org.testng.remote.AbstractRemoteTestNG.run(AbstractRemoteTestNG.java:115)
at org.testng.remote.RemoteTestNG.initAndRun(RemoteTestNG.java:293)
at org.testng.remote.RemoteTestNG.main(RemoteTestNG.java:91)
]]>
            </full-stacktrace>
          </exception> <!-- java.lang.AssertionError -->
          <reporter-output>
          </reporter-output>
        </test-method> <!-- ChaseRequest_With_Single_Matching_RG -->
        <test-method signature="ChaseRequest_With_Single_Matching_RG(java.lang.String,java.lang.String)[pri:0, instance:HDAP_APIs.Create_Multiple_Projects_With_PreLauch_Status@5fa05212]" started-at="2024-10-04T19:36:01 IST" name="ChaseRequest_With_Single_Matching_RG" data-provider="projectNames" finished-at="2024-10-04T19:36:04 IST" duration-ms="3042" status="PASS">
          <params>
            <param index="0">
              <value>
                <![CDATA[K123]]>
              </value>
            </param>
            <param index="1">
              <value>
                <![CDATA[CRA]]>
              </value>
            </param>
          </params>
          <reporter-output>
          </reporter-output>
        </test-method> <!-- ChaseRequest_With_Single_Matching_RG -->
        <test-method signature="ChaseRequest_With_Single_Matching_RG(java.lang.String,java.lang.String)[pri:0, instance:HDAP_APIs.Create_Multiple_Projects_With_PreLauch_Status@5fa05212]" started-at="2024-10-04T19:36:04 IST" name="ChaseRequest_With_Single_Matching_RG" data-provider="projectNames" finished-at="2024-10-04T19:36:11 IST" duration-ms="6807" status="PASS">
          <params>
            <param index="0">
              <value>
                <![CDATA[K123]]>
              </value>
            </param>
            <param index="1">
              <value>
                <![CDATA[CCV]]>
              </value>
            </param>
          </params>
          <reporter-output>
          </reporter-output>
        </test-method> <!-- ChaseRequest_With_Single_Matching_RG -->
        <test-method signature="ChaseRequest_With_Single_Matching_RG(java.lang.String,java.lang.String)[pri:0, instance:HDAP_APIs.Create_Multiple_Projects_With_PreLauch_Status@5fa05212]" started-at="2024-10-04T19:36:11 IST" name="ChaseRequest_With_Single_Matching_RG" data-provider="projectNames" finished-at="2024-10-04T19:36:12 IST" duration-ms="1554" status="PASS">
          <params>
            <param index="0">
              <value>
                <![CDATA[K123]]>
              </value>
            </param>
            <param index="1">
              <value>
                <![CDATA[RCA]]>
              </value>
            </param>
          </params>
          <reporter-output>
          </reporter-output>
        </test-method> <!-- ChaseRequest_With_Single_Matching_RG -->
        <test-method signature="ChaseRequest_With_Single_Matching_RG(java.lang.String,java.lang.String)[pri:0, instance:HDAP_APIs.Create_Multiple_Projects_With_PreLauch_Status@5fa05212]" started-at="2024-10-04T19:36:12 IST" name="ChaseRequest_With_Single_Matching_RG" data-provider="projectNames" finished-at="2024-10-04T19:36:15 IST" duration-ms="2416" status="PASS">
          <params>
            <param index="0">
              <value>
                <![CDATA[K123]]>
              </value>
            </param>
            <param index="1">
              <value>
                <![CDATA[HEDIS]]>
              </value>
            </param>
          </params>
          <reporter-output>
          </reporter-output>
        </test-method> <!-- ChaseRequest_With_Single_Matching_RG -->
        <test-method signature="ChaseRequest_With_Single_Matching_RG(java.lang.String,java.lang.String)[pri:0, instance:HDAP_APIs.Create_Multiple_Projects_With_PreLauch_Status@5fa05212]" started-at="2024-10-04T19:36:15 IST" name="ChaseRequest_With_Single_Matching_RG" data-provider="projectNames" finished-at="2024-10-04T19:36:16 IST" duration-ms="1319" status="PASS">
          <params>
            <param index="0">
              <value>
                <![CDATA[D321]]>
              </value>
            </param>
            <param index="1">
              <value>
                <![CDATA[CRA]]>
              </value>
            </param>
          </params>
          <reporter-output>
          </reporter-output>
        </test-method> <!-- ChaseRequest_With_Single_Matching_RG -->
        <test-method signature="ChaseRequest_With_Single_Matching_RG(java.lang.String,java.lang.String)[pri:0, instance:HDAP_APIs.Create_Multiple_Projects_With_PreLauch_Status@5fa05212]" started-at="2024-10-04T19:36:16 IST" name="ChaseRequest_With_Single_Matching_RG" data-provider="projectNames" finished-at="2024-10-04T19:36:17 IST" duration-ms="1260" status="PASS">
          <params>
            <param index="0">
              <value>
                <![CDATA[D321]]>
              </value>
            </param>
            <param index="1">
              <value>
                <![CDATA[CCV]]>
              </value>
            </param>
          </params>
          <reporter-output>
          </reporter-output>
        </test-method> <!-- ChaseRequest_With_Single_Matching_RG -->
        <test-method signature="ChaseRequest_With_Single_Matching_RG(java.lang.String,java.lang.String)[pri:0, instance:HDAP_APIs.Create_Multiple_Projects_With_PreLauch_Status@5fa05212]" started-at="2024-10-04T19:36:17 IST" name="ChaseRequest_With_Single_Matching_RG" data-provider="projectNames" finished-at="2024-10-04T19:36:20 IST" duration-ms="3000" status="PASS">
          <params>
            <param index="0">
              <value>
                <![CDATA[D321]]>
              </value>
            </param>
            <param index="1">
              <value>
                <![CDATA[RCA]]>
              </value>
            </param>
          </params>
          <reporter-output>
          </reporter-output>
        </test-method> <!-- ChaseRequest_With_Single_Matching_RG -->
        <test-method signature="ChaseRequest_With_Single_Matching_RG(java.lang.String,java.lang.String)[pri:0, instance:HDAP_APIs.Create_Multiple_Projects_With_PreLauch_Status@5fa05212]" started-at="2024-10-04T19:36:20 IST" name="ChaseRequest_With_Single_Matching_RG" data-provider="projectNames" finished-at="2024-10-04T19:36:23 IST" duration-ms="2380" status="PASS">
          <params>
            <param index="0">
              <value>
                <![CDATA[D321]]>
              </value>
            </param>
            <param index="1">
              <value>
                <![CDATA[HEDIS]]>
              </value>
            </param>
          </params>
          <reporter-output>
          </reporter-output>
        </test-method> <!-- ChaseRequest_With_Single_Matching_RG -->
        <test-method signature="ChaseRequest_With_Single_Matching_RG(java.lang.String,java.lang.String)[pri:0, instance:HDAP_APIs.Create_Multiple_Projects_With_PreLauch_Status@5fa05212]" started-at="2024-10-04T19:36:23 IST" name="ChaseRequest_With_Single_Matching_RG" data-provider="projectNames" finished-at="2024-10-04T19:36:24 IST" duration-ms="1808" status="PASS">
          <params>
            <param index="0">
              <value>
                <![CDATA[J667]]>
              </value>
            </param>
            <param index="1">
              <value>
                <![CDATA[CRA]]>
              </value>
            </param>
          </params>
          <reporter-output>
          </reporter-output>
        </test-method> <!-- ChaseRequest_With_Single_Matching_RG -->
        <test-method signature="ChaseRequest_With_Single_Matching_RG(java.lang.String,java.lang.String)[pri:0, instance:HDAP_APIs.Create_Multiple_Projects_With_PreLauch_Status@5fa05212]" started-at="2024-10-04T19:36:24 IST" name="ChaseRequest_With_Single_Matching_RG" data-provider="projectNames" finished-at="2024-10-04T19:36:25 IST" duration-ms="1039" status="PASS">
          <params>
            <param index="0">
              <value>
                <![CDATA[J667]]>
              </value>
            </param>
            <param index="1">
              <value>
                <![CDATA[CCV]]>
              </value>
            </param>
          </params>
          <reporter-output>
          </reporter-output>
        </test-method> <!-- ChaseRequest_With_Single_Matching_RG -->
        <test-method signature="ChaseRequest_With_Single_Matching_RG(java.lang.String,java.lang.String)[pri:0, instance:HDAP_APIs.Create_Multiple_Projects_With_PreLauch_Status@5fa05212]" started-at="2024-10-04T19:36:25 IST" name="ChaseRequest_With_Single_Matching_RG" data-provider="projectNames" finished-at="2024-10-04T19:36:27 IST" duration-ms="1257" status="PASS">
          <params>
            <param index="0">
              <value>
                <![CDATA[J667]]>
              </value>
            </param>
            <param index="1">
              <value>
                <![CDATA[RCA]]>
              </value>
            </param>
          </params>
          <reporter-output>
          </reporter-output>
        </test-method> <!-- ChaseRequest_With_Single_Matching_RG -->
        <test-method signature="ChaseRequest_With_Single_Matching_RG(java.lang.String,java.lang.String)[pri:0, instance:HDAP_APIs.Create_Multiple_Projects_With_PreLauch_Status@5fa05212]" started-at="2024-10-04T19:36:27 IST" name="ChaseRequest_With_Single_Matching_RG" data-provider="projectNames" finished-at="2024-10-04T19:36:28 IST" duration-ms="1176" status="PASS">
          <params>
            <param index="0">
              <value>
                <![CDATA[J667]]>
              </value>
            </param>
            <param index="1">
              <value>
                <![CDATA[HEDIS]]>
              </value>
            </param>
          </params>
          <reporter-output>
          </reporter-output>
        </test-method> <!-- ChaseRequest_With_Single_Matching_RG -->
        <test-method signature="ChaseRequest_With_Single_Matching_RG(java.lang.String,java.lang.String)[pri:0, instance:HDAP_APIs.Create_Multiple_Projects_With_PreLauch_Status@5fa05212]" started-at="2024-10-04T19:36:28 IST" name="ChaseRequest_With_Single_Matching_RG" data-provider="projectNames" finished-at="2024-10-04T19:36:29 IST" duration-ms="1037" status="PASS">
          <params>
            <param index="0">
              <value>
                <![CDATA[M567]]>
              </value>
            </param>
            <param index="1">
              <value>
                <![CDATA[CRA]]>
              </value>
            </param>
          </params>
          <reporter-output>
          </reporter-output>
        </test-method> <!-- ChaseRequest_With_Single_Matching_RG -->
        <test-method signature="ChaseRequest_With_Single_Matching_RG(java.lang.String,java.lang.String)[pri:0, instance:HDAP_APIs.Create_Multiple_Projects_With_PreLauch_Status@5fa05212]" started-at="2024-10-04T19:36:29 IST" name="ChaseRequest_With_Single_Matching_RG" data-provider="projectNames" finished-at="2024-10-04T19:36:30 IST" duration-ms="1232" status="PASS">
          <params>
            <param index="0">
              <value>
                <![CDATA[M567]]>
              </value>
            </param>
            <param index="1">
              <value>
                <![CDATA[CCV]]>
              </value>
            </param>
          </params>
          <reporter-output>
          </reporter-output>
        </test-method> <!-- ChaseRequest_With_Single_Matching_RG -->
        <test-method signature="ChaseRequest_With_Single_Matching_RG(java.lang.String,java.lang.String)[pri:0, instance:HDAP_APIs.Create_Multiple_Projects_With_PreLauch_Status@5fa05212]" started-at="2024-10-04T19:36:30 IST" name="ChaseRequest_With_Single_Matching_RG" data-provider="projectNames" finished-at="2024-10-04T19:36:31 IST" duration-ms="1043" status="PASS">
          <params>
            <param index="0">
              <value>
                <![CDATA[M567]]>
              </value>
            </param>
            <param index="1">
              <value>
                <![CDATA[RCA]]>
              </value>
            </param>
          </params>
          <reporter-output>
          </reporter-output>
        </test-method> <!-- ChaseRequest_With_Single_Matching_RG -->
        <test-method signature="ChaseRequest_With_Single_Matching_RG(java.lang.String,java.lang.String)[pri:0, instance:HDAP_APIs.Create_Multiple_Projects_With_PreLauch_Status@5fa05212]" started-at="2024-10-04T19:36:31 IST" name="ChaseRequest_With_Single_Matching_RG" data-provider="projectNames" finished-at="2024-10-04T19:36:33 IST" duration-ms="1448" status="PASS">
          <params>
            <param index="0">
              <value>
                <![CDATA[M567]]>
              </value>
            </param>
            <param index="1">
              <value>
                <![CDATA[HEDIS]]>
              </value>
            </param>
          </params>
          <reporter-output>
          </reporter-output>
        </test-method> <!-- ChaseRequest_With_Single_Matching_RG -->
        <test-method signature="ChaseRequest_With_Single_Matching_RG(java.lang.String,java.lang.String)[pri:0, instance:HDAP_APIs.Create_Multiple_Projects_With_PreLauch_Status@5fa05212]" started-at="2024-10-04T19:36:33 IST" name="ChaseRequest_With_Single_Matching_RG" data-provider="projectNames" finished-at="2024-10-04T19:36:34 IST" duration-ms="1047" status="PASS">
          <params>
            <param index="0">
              <value>
                <![CDATA[M900]]>
              </value>
            </param>
            <param index="1">
              <value>
                <![CDATA[CRA]]>
              </value>
            </param>
          </params>
          <reporter-output>
          </reporter-output>
        </test-method> <!-- ChaseRequest_With_Single_Matching_RG -->
        <test-method signature="ChaseRequest_With_Single_Matching_RG(java.lang.String,java.lang.String)[pri:0, instance:HDAP_APIs.Create_Multiple_Projects_With_PreLauch_Status@5fa05212]" started-at="2024-10-04T19:36:34 IST" name="ChaseRequest_With_Single_Matching_RG" data-provider="projectNames" finished-at="2024-10-04T19:36:35 IST" duration-ms="999" status="PASS">
          <params>
            <param index="0">
              <value>
                <![CDATA[M900]]>
              </value>
            </param>
            <param index="1">
              <value>
                <![CDATA[CCV]]>
              </value>
            </param>
          </params>
          <reporter-output>
          </reporter-output>
        </test-method> <!-- ChaseRequest_With_Single_Matching_RG -->
        <test-method signature="ChaseRequest_With_Single_Matching_RG(java.lang.String,java.lang.String)[pri:0, instance:HDAP_APIs.Create_Multiple_Projects_With_PreLauch_Status@5fa05212]" started-at="2024-10-04T19:36:35 IST" name="ChaseRequest_With_Single_Matching_RG" data-provider="projectNames" finished-at="2024-10-04T19:36:36 IST" duration-ms="1155" status="PASS">
          <params>
            <param index="0">
              <value>
                <![CDATA[M900]]>
              </value>
            </param>
            <param index="1">
              <value>
                <![CDATA[RCA]]>
              </value>
            </param>
          </params>
          <reporter-output>
          </reporter-output>
        </test-method> <!-- ChaseRequest_With_Single_Matching_RG -->
        <test-method signature="ChaseRequest_With_Single_Matching_RG(java.lang.String,java.lang.String)[pri:0, instance:HDAP_APIs.Create_Multiple_Projects_With_PreLauch_Status@5fa05212]" started-at="2024-10-04T19:36:36 IST" name="ChaseRequest_With_Single_Matching_RG" data-provider="projectNames" finished-at="2024-10-04T19:36:37 IST" duration-ms="1079" status="PASS">
          <params>
            <param index="0">
              <value>
                <![CDATA[M900]]>
              </value>
            </param>
            <param index="1">
              <value>
                <![CDATA[HEDIS]]>
              </value>
            </param>
          </params>
          <reporter-output>
          </reporter-output>
        </test-method> <!-- ChaseRequest_With_Single_Matching_RG -->
        <test-method signature="ChaseRequest_With_Single_Matching_RG(java.lang.String,java.lang.String)[pri:0, instance:HDAP_APIs.Create_Multiple_Projects_With_PreLauch_Status@5fa05212]" started-at="2024-10-04T19:36:37 IST" name="ChaseRequest_With_Single_Matching_RG" data-provider="projectNames" finished-at="2024-10-04T19:36:38 IST" duration-ms="1101" status="PASS">
          <params>
            <param index="0">
              <value>
                <![CDATA[Q001]]>
              </value>
            </param>
            <param index="1">
              <value>
                <![CDATA[CRA]]>
              </value>
            </param>
          </params>
          <reporter-output>
          </reporter-output>
        </test-method> <!-- ChaseRequest_With_Single_Matching_RG -->
        <test-method signature="ChaseRequest_With_Single_Matching_RG(java.lang.String,java.lang.String)[pri:0, instance:HDAP_APIs.Create_Multiple_Projects_With_PreLauch_Status@5fa05212]" started-at="2024-10-04T19:36:38 IST" name="ChaseRequest_With_Single_Matching_RG" data-provider="projectNames" finished-at="2024-10-04T19:36:40 IST" duration-ms="1758" status="PASS">
          <params>
            <param index="0">
              <value>
                <![CDATA[Q001]]>
              </value>
            </param>
            <param index="1">
              <value>
                <![CDATA[CCV]]>
              </value>
            </param>
          </params>
          <reporter-output>
          </reporter-output>
        </test-method> <!-- ChaseRequest_With_Single_Matching_RG -->
        <test-method signature="ChaseRequest_With_Single_Matching_RG(java.lang.String,java.lang.String)[pri:0, instance:HDAP_APIs.Create_Multiple_Projects_With_PreLauch_Status@5fa05212]" started-at="2024-10-04T19:36:40 IST" name="ChaseRequest_With_Single_Matching_RG" data-provider="projectNames" finished-at="2024-10-04T19:36:41 IST" duration-ms="1282" status="PASS">
          <params>
            <param index="0">
              <value>
                <![CDATA[Q001]]>
              </value>
            </param>
            <param index="1">
              <value>
                <![CDATA[RCA]]>
              </value>
            </param>
          </params>
          <reporter-output>
          </reporter-output>
        </test-method> <!-- ChaseRequest_With_Single_Matching_RG -->
        <test-method signature="ChaseRequest_With_Single_Matching_RG(java.lang.String,java.lang.String)[pri:0, instance:HDAP_APIs.Create_Multiple_Projects_With_PreLauch_Status@5fa05212]" started-at="2024-10-04T19:36:41 IST" name="ChaseRequest_With_Single_Matching_RG" data-provider="projectNames" finished-at="2024-10-04T19:36:43 IST" duration-ms="1521" status="PASS">
          <params>
            <param index="0">
              <value>
                <![CDATA[Q001]]>
              </value>
            </param>
            <param index="1">
              <value>
                <![CDATA[HEDIS]]>
              </value>
            </param>
          </params>
          <reporter-output>
          </reporter-output>
        </test-method> <!-- ChaseRequest_With_Single_Matching_RG -->
        <test-method signature="ChaseRequest_With_Single_Matching_RG(java.lang.String,java.lang.String)[pri:0, instance:HDAP_APIs.Create_Multiple_Projects_With_PreLauch_Status@5fa05212]" started-at="2024-10-04T19:36:43 IST" name="ChaseRequest_With_Single_Matching_RG" data-provider="projectNames" finished-at="2024-10-04T19:36:45 IST" duration-ms="2788" status="PASS">
          <params>
            <param index="0">
              <value>
                <![CDATA[BBB1]]>
              </value>
            </param>
            <param index="1">
              <value>
                <![CDATA[CRA]]>
              </value>
            </param>
          </params>
          <reporter-output>
          </reporter-output>
        </test-method> <!-- ChaseRequest_With_Single_Matching_RG -->
        <test-method signature="ChaseRequest_With_Single_Matching_RG(java.lang.String,java.lang.String)[pri:0, instance:HDAP_APIs.Create_Multiple_Projects_With_PreLauch_Status@5fa05212]" started-at="2024-10-04T19:36:45 IST" name="ChaseRequest_With_Single_Matching_RG" data-provider="projectNames" finished-at="2024-10-04T19:36:47 IST" duration-ms="1984" status="PASS">
          <params>
            <param index="0">
              <value>
                <![CDATA[BBB1]]>
              </value>
            </param>
            <param index="1">
              <value>
                <![CDATA[CCV]]>
              </value>
            </param>
          </params>
          <reporter-output>
          </reporter-output>
        </test-method> <!-- ChaseRequest_With_Single_Matching_RG -->
        <test-method signature="ChaseRequest_With_Single_Matching_RG(java.lang.String,java.lang.String)[pri:0, instance:HDAP_APIs.Create_Multiple_Projects_With_PreLauch_Status@5fa05212]" started-at="2024-10-04T19:36:47 IST" name="ChaseRequest_With_Single_Matching_RG" data-provider="projectNames" finished-at="2024-10-04T19:36:49 IST" duration-ms="1579" status="PASS">
          <params>
            <param index="0">
              <value>
                <![CDATA[BBB1]]>
              </value>
            </param>
            <param index="1">
              <value>
                <![CDATA[RCA]]>
              </value>
            </param>
          </params>
          <reporter-output>
          </reporter-output>
        </test-method> <!-- ChaseRequest_With_Single_Matching_RG -->
        <test-method signature="ChaseRequest_With_Single_Matching_RG(java.lang.String,java.lang.String)[pri:0, instance:HDAP_APIs.Create_Multiple_Projects_With_PreLauch_Status@5fa05212]" started-at="2024-10-04T19:36:49 IST" name="ChaseRequest_With_Single_Matching_RG" data-provider="projectNames" finished-at="2024-10-04T19:36:50 IST" duration-ms="1079" status="PASS">
          <params>
            <param index="0">
              <value>
                <![CDATA[BBB1]]>
              </value>
            </param>
            <param index="1">
              <value>
                <![CDATA[HEDIS]]>
              </value>
            </param>
          </params>
          <reporter-output>
          </reporter-output>
        </test-method> <!-- ChaseRequest_With_Single_Matching_RG -->
        <test-method signature="ChaseRequest_With_Single_Matching_RG(java.lang.String,java.lang.String)[pri:0, instance:HDAP_APIs.Create_Multiple_Projects_With_PreLauch_Status@5fa05212]" started-at="2024-10-04T19:36:50 IST" name="ChaseRequest_With_Single_Matching_RG" data-provider="projectNames" finished-at="2024-10-04T19:36:51 IST" duration-ms="1054" status="PASS">
          <params>
            <param index="0">
              <value>
                <![CDATA[Q002]]>
              </value>
            </param>
            <param index="1">
              <value>
                <![CDATA[CRA]]>
              </value>
            </param>
          </params>
          <reporter-output>
          </reporter-output>
        </test-method> <!-- ChaseRequest_With_Single_Matching_RG -->
        <test-method signature="ChaseRequest_With_Single_Matching_RG(java.lang.String,java.lang.String)[pri:0, instance:HDAP_APIs.Create_Multiple_Projects_With_PreLauch_Status@5fa05212]" started-at="2024-10-04T19:36:51 IST" name="ChaseRequest_With_Single_Matching_RG" data-provider="projectNames" finished-at="2024-10-04T19:36:57 IST" duration-ms="5490" status="PASS">
          <params>
            <param index="0">
              <value>
                <![CDATA[Q002]]>
              </value>
            </param>
            <param index="1">
              <value>
                <![CDATA[CCV]]>
              </value>
            </param>
          </params>
          <reporter-output>
          </reporter-output>
        </test-method> <!-- ChaseRequest_With_Single_Matching_RG -->
        <test-method signature="ChaseRequest_With_Single_Matching_RG(java.lang.String,java.lang.String)[pri:0, instance:HDAP_APIs.Create_Multiple_Projects_With_PreLauch_Status@5fa05212]" started-at="2024-10-04T19:36:57 IST" name="ChaseRequest_With_Single_Matching_RG" data-provider="projectNames" finished-at="2024-10-04T19:36:58 IST" duration-ms="1037" status="PASS">
          <params>
            <param index="0">
              <value>
                <![CDATA[Q002]]>
              </value>
            </param>
            <param index="1">
              <value>
                <![CDATA[RCA]]>
              </value>
            </param>
          </params>
          <reporter-output>
          </reporter-output>
        </test-method> <!-- ChaseRequest_With_Single_Matching_RG -->
        <test-method signature="ChaseRequest_With_Single_Matching_RG(java.lang.String,java.lang.String)[pri:0, instance:HDAP_APIs.Create_Multiple_Projects_With_PreLauch_Status@5fa05212]" started-at="2024-10-04T19:36:58 IST" name="ChaseRequest_With_Single_Matching_RG" data-provider="projectNames" finished-at="2024-10-04T19:36:59 IST" duration-ms="1468" status="PASS">
          <params>
            <param index="0">
              <value>
                <![CDATA[Q002]]>
              </value>
            </param>
            <param index="1">
              <value>
                <![CDATA[HEDIS]]>
              </value>
            </param>
          </params>
          <reporter-output>
          </reporter-output>
        </test-method> <!-- ChaseRequest_With_Single_Matching_RG -->
        <test-method signature="ChaseRequest_With_Single_Matching_RG(java.lang.String,java.lang.String)[pri:0, instance:HDAP_APIs.Create_Multiple_Projects_With_PreLauch_Status@5fa05212]" started-at="2024-10-04T19:36:59 IST" name="ChaseRequest_With_Single_Matching_RG" data-provider="projectNames" finished-at="2024-10-04T19:37:00 IST" duration-ms="1278" status="PASS">
          <params>
            <param index="0">
              <value>
                <![CDATA[1234]]>
              </value>
            </param>
            <param index="1">
              <value>
                <![CDATA[CRA]]>
              </value>
            </param>
          </params>
          <reporter-output>
          </reporter-output>
        </test-method> <!-- ChaseRequest_With_Single_Matching_RG -->
        <test-method signature="ChaseRequest_With_Single_Matching_RG(java.lang.String,java.lang.String)[pri:0, instance:HDAP_APIs.Create_Multiple_Projects_With_PreLauch_Status@5fa05212]" started-at="2024-10-04T19:37:00 IST" name="ChaseRequest_With_Single_Matching_RG" data-provider="projectNames" finished-at="2024-10-04T19:37:02 IST" duration-ms="1887" status="PASS">
          <params>
            <param index="0">
              <value>
                <![CDATA[1234]]>
              </value>
            </param>
            <param index="1">
              <value>
                <![CDATA[CCV]]>
              </value>
            </param>
          </params>
          <reporter-output>
          </reporter-output>
        </test-method> <!-- ChaseRequest_With_Single_Matching_RG -->
        <test-method signature="ChaseRequest_With_Single_Matching_RG(java.lang.String,java.lang.String)[pri:0, instance:HDAP_APIs.Create_Multiple_Projects_With_PreLauch_Status@5fa05212]" started-at="2024-10-04T19:37:02 IST" name="ChaseRequest_With_Single_Matching_RG" data-provider="projectNames" finished-at="2024-10-04T19:37:04 IST" duration-ms="2116" status="PASS">
          <params>
            <param index="0">
              <value>
                <![CDATA[1234]]>
              </value>
            </param>
            <param index="1">
              <value>
                <![CDATA[RCA]]>
              </value>
            </param>
          </params>
          <reporter-output>
          </reporter-output>
        </test-method> <!-- ChaseRequest_With_Single_Matching_RG -->
        <test-method signature="ChaseRequest_With_Single_Matching_RG(java.lang.String,java.lang.String)[pri:0, instance:HDAP_APIs.Create_Multiple_Projects_With_PreLauch_Status@5fa05212]" started-at="2024-10-04T19:37:04 IST" name="ChaseRequest_With_Single_Matching_RG" data-provider="projectNames" finished-at="2024-10-04T19:37:06 IST" duration-ms="1230" status="PASS">
          <params>
            <param index="0">
              <value>
                <![CDATA[1234]]>
              </value>
            </param>
            <param index="1">
              <value>
                <![CDATA[HEDIS]]>
              </value>
            </param>
          </params>
          <reporter-output>
          </reporter-output>
        </test-method> <!-- ChaseRequest_With_Single_Matching_RG -->
      </class> <!-- HDAP_APIs.Create_Multiple_Projects_With_PreLauch_Status -->
    </test> <!-- Default test -->
  </suite> <!-- Default suite -->
</testng-results>
