<?xml version="1.0" encoding="UTF-8"?>
<testng-results ignored="0" total="1" passed="1" failed="0" skipped="0">
  <reporter-output>
  </reporter-output>
  <suite started-at="2024-11-11T18:28:14 IST" name="Default suite" finished-at="2024-11-11T18:28:16 IST" duration-ms="2335">
    <groups>
    </groups>
    <test started-at="2024-11-11T18:28:14 IST" name="Default test" finished-at="2024-11-11T18:28:16 IST" duration-ms="2335">
      <class name="APIs.Create_PreLaunch_ChaseRequest">
        <test-method signature="ChaseRequest_With_No_Matching_RG()[pri:0, instance:APIs.Create_PreLaunch_ChaseRequest@259b85d6]" started-at="2024-11-11T18:28:14 IST" name="ChaseRequest_With_No_Matching_RG" finished-at="2024-11-11T18:28:16 IST" duration-ms="2227" status="PASS">
          <reporter-output>
          </reporter-output>
        </test-method> <!-- ChaseRequest_With_No_Matching_RG -->
      </class> <!-- APIs.Create_PreLaunch_ChaseRequest -->
    </test> <!-- Default test -->
  </suite> <!-- Default suite -->
</testng-results>
