<?xml version="1.0" encoding="UTF-8"?>
<!-- Generated by org.testng.reporters.JUnitReportReporter -->
<testsuite hostname="SMMR" failures="1" tests="1" name="testRunner.RunnerTestNG" time="236.835" errors="0" timestamp="2024-11-11T17:15:17 IST" skipped="0">
  <testcase classname="testRunner.RunnerTestNG" name="runScenario" time="236.835">
    <failure message="WebElement is Not Visible with Xpath:[[ChromeDriver: chrome on windows (88c83ab9c06fb7283d23fc1e6261ebf8)] -&gt; xpath: //input[@id=&#039;ms1e9c8969&#039;]]. On Page title: Retrieval portal . expected [true] but found [false]" type="java.lang.AssertionError">
      <![CDATA[java.lang.AssertionError: WebElement is Not Visible with Xpath:[[ChromeDriver: chrome on windows (88c83ab9c06fb7283d23fc1e6261ebf8)] -> xpath: //input[@id='ms1e9c8969']]. On Page title: Retrieval portal . expected [true] but found [false]
at org.testng.Assert.fail(Assert.java:111)
at org.testng.Assert.failNotEquals(Assert.java:1578)
at org.testng.Assert.assertTrue(Assert.java:57)
at utils.KeyWords.explicitWait_Until_ElementDisplayed(KeyWords.java:498)
at stepDefinitionFile.Create_RG_Sd.EnterDataintheRequestGroupSettingssection(Create_RG_Sd.java:148)
at ✽.Enter Data in the  Request Group Settings section(file:///C:/Users/hi/git/HDAP2_PEGAUI_Automation/src/main/java/featureFile/Create_RG.feature:12)
]]>
    </failure>
  </testcase> <!-- runScenario -->
</testsuite> <!-- testRunner.RunnerTestNG -->
