<?xml version="1.0" encoding="UTF-8"?>
<!-- Generated by org.testng.reporters.JUnitReportReporter -->
<testsuite hostname="SMMR" failures="1" tests="1" name="testRunner.RunnerTestNG" time="54.119" errors="0" timestamp="2024-10-22T12:58:54 IST" skipped="0">
  <testcase classname="testRunner.RunnerTestNG" name="runScenario" time="54.119">
    <failure message="Not Able to Enter Text in WebElement:[[ChromeDriver: chrome on windows (896b0fda200a8d867eb3166ca970a270)] -&gt; xpath: //input[@id=&#039;edf46543&#039;]]On Page: Retrieval portal expected [true] but found [false]" type="java.lang.AssertionError">
      <![CDATA[java.lang.AssertionError: Not Able to Enter Text in WebElement:[[ChromeDriver: chrome on windows (896b0fda200a8d867eb3166ca970a270)] -> xpath: //input[@id='edf46543']]On Page: Retrieval portal expected [true] but found [false]
at org.testng.Assert.fail(Assert.java:111)
at org.testng.Assert.failNotEquals(Assert.java:1578)
at org.testng.Assert.assertTrue(Assert.java:57)
at utils.KeyWords.sendKeys(KeyWords.java:181)
at stepDefinitionFile.Create_RG_Sd.AddaSingleContact(Create_RG_Sd.java:69)
at ✽.Under Contact section Add a Single Contact(file:///C:/Users/hi/git/HDAP2_PEGAUI_Automation/src/main/java/featureFile/Create_RG.feature:12)
]]>
    </failure>
  </testcase> <!-- runScenario -->
</testsuite> <!-- testRunner.RunnerTestNG -->
