<?xml version="1.0" encoding="UTF-8"?>
<!-- Generated by org.testng.reporters.JUnitReportReporter -->
<testsuite hostname="DESKTOP-ITILOB1" failures="1" tests="11" name="testRunner.RunnerTestNG" time="789.195" errors="0" timestamp="2024-10-17T09:23:57 IST" skipped="0">
  <testcase classname="testRunner.RunnerTestNG" name="runScenario" time="74.267"/>
  <testcase classname="testRunner.RunnerTestNG" name="runScenario" time="70.541"/>
  <testcase classname="testRunner.RunnerTestNG" name="runScenario" time="73.239"/>
  <testcase classname="testRunner.RunnerTestNG" name="runScenario" time="74.147"/>
  <testcase classname="testRunner.RunnerTestNG" name="runScenario" time="70.007"/>
  <testcase classname="testRunner.RunnerTestNG" name="runScenario" time="73.141"/>
  <testcase classname="testRunner.RunnerTestNG" name="runScenario" time="71.823">
    <failure message="Not Able Click WebElement:[[ChromeDriver: chrome on windows (a653529f88a8b4dd712a72fa6cf22d48)] -&gt; xpath: (//a[text()=&#039;Chase Request&#039;])[1]]On Page: Retrieval portal expected [true] but found [false]" type="java.lang.AssertionError">
      <![CDATA[java.lang.AssertionError: Not Able Click WebElement:[[ChromeDriver: chrome on windows (a653529f88a8b4dd712a72fa6cf22d48)] -> xpath: (//a[text()='Chase Request'])[1]]On Page: Retrieval portal expected [true] but found [false]
at org.testng.Assert.fail(Assert.java:111)
at org.testng.Assert.failNotEquals(Assert.java:1578)
at org.testng.Assert.assertTrue(Assert.java:57)
at utils.KeyWords.clickElement(KeyWords.java:323)
at stepDefinitionFile.Common_Functions_Sd.addTask(Common_Functions_Sd.java:84)
at ✽.Add the task Chase Request(file:///C:/Users/shaik.hussain/git/HDAP2_PEGAUI_Automation/src/main/java/featureFile/DQA_Task.feature:22)
]]>
    </failure>
  </testcase> <!-- runScenario -->
  <testcase classname="testRunner.RunnerTestNG" name="runScenario" time="69.104"/>
  <testcase classname="testRunner.RunnerTestNG" name="runScenario" time="68.457"/>
  <testcase classname="testRunner.RunnerTestNG" name="runScenario" time="72.798"/>
  <testcase classname="testRunner.RunnerTestNG" name="runScenario" time="71.671"/>
</testsuite> <!-- testRunner.RunnerTestNG -->
