<?xml version="1.0" encoding="UTF-8"?>
<!-- Generated by org.testng.reporters.JUnitReportReporter -->
<testsuite hostname="ZakirZR-Bluestone" failures="1" tests="1" name="testRunner.RunnerTestNG" time="135.676" errors="0" timestamp="2024-10-07T19:09:02 IST" skipped="0">
  <testcase classname="testRunner.RunnerTestNG" name="runScenario" time="135.676">
    <failure message="Not Able Click WebElement:Proxy element for: DefaultElementLocator &#039;By.xpath: //li[@title=&#039;Search&#039;]//span[text()=&#039;Search&#039;]&#039;On Page: Retrieval portal expected [true] but found [false]" type="java.lang.AssertionError">
      <![CDATA[java.lang.AssertionError: Not Able Click WebElement:Proxy element for: DefaultElementLocator 'By.xpath: //li[@title='Search']//span[text()='Search']'On Page: Retrieval portal expected [true] but found [false]
at org.testng.Assert.fail(Assert.java:99)
at org.testng.Assert.failNotEquals(Assert.java:1037)
at org.testng.Assert.assertTrue(Assert.java:45)
at utils.KeyWords.clickElement(KeyWords.java:297)
at stepDefinitionFile.Common_Functions_Sd.searchFoRGID(Common_Functions_Sd.java:67)
at ✽.Search for the User RG ID RET-9642869539(file:///C:/Work/HDAP2_PEGAUI_Automation/src/main/java/featureFile/DQA_Task.feature:8)
]]>
    </failure>
  </testcase> <!-- runScenario -->
  <system-out/>
</testsuite> <!-- testRunner.RunnerTestNG -->
