<?xml version="1.0" encoding="UTF-8"?>
<!-- Generated by org.testng.reporters.JUnitReportReporter -->
<testsuite hostname="SMMR" failures="1" tests="1" name="testRunner.RunnerTestNG" time="111.994" errors="0" timestamp="2024-10-22T15:53:38 IST" skipped="0">
  <testcase classname="testRunner.RunnerTestNG" name="runScenario" time="111.994">
    <failure message="Not Able to Enter Text in WebElement:[[ChromeDriver: chrome on windows (c56a832b7ab8482744a191f229f947c7)] -&gt; xpath: //input[@id=&#039;ms1e9c8969&#039;]]On Page: Retrieval portal expected [true] but found [false]" type="java.lang.AssertionError">
      <![CDATA[java.lang.AssertionError: Not Able to Enter Text in WebElement:[[ChromeDriver: chrome on windows (c56a832b7ab8482744a191f229f947c7)] -> xpath: //input[@id='ms1e9c8969']]On Page: Retrieval portal expected [true] but found [false]
at org.testng.Assert.fail(Assert.java:111)
at org.testng.Assert.failNotEquals(Assert.java:1578)
at org.testng.Assert.assertTrue(Assert.java:57)
at utils.KeyWords.SendKeys_Into_AutoSuggestiveTextBox(KeyWords.java:227)
at stepDefinitionFile.Create_RG_Sd.EnterDataintheRequestGroupSettingssection(Create_RG_Sd.java:118)
at ✽.Enter Data in the  Request Group Settings section(file:///C:/Users/hi/git/HDAP2_PEGAUI_Automation/src/main/java/featureFile/Create_RG.feature:13)
]]>
    </failure>
  </testcase> <!-- runScenario -->
</testsuite> <!-- testRunner.RunnerTestNG -->
