<?xml version="1.0" encoding="UTF-8"?>
<!-- Generated by org.testng.reporters.JUnitReportReporter -->
<testsuite hostname="DESKTOP-ITILOB1" failures="1" tests="1" name="testRunner.RunnerTestNG" time="123.204" errors="0" timestamp="2024-01-16T07:49:04 IST" skipped="0">
  <testcase classname="testRunner.RunnerTestNG" name="runScenario" time="123.204">
    <failure message="Not Able Click WebElement:Proxy element for: DefaultElementLocator &#039;By.xpath: (//*[text()=&#039;My Workbasket&#039;])[2]&#039;On Page: Retrieval portal expected [true] but found [false]" type="java.lang.AssertionError">
      <![CDATA[java.lang.AssertionError: Not Able Click WebElement:Proxy element for: DefaultElementLocator 'By.xpath: (//*[text()='My Workbasket'])[2]'On Page: Retrieval portal expected [true] but found [false]
at org.testng.Assert.fail(Assert.java:99)
at org.testng.Assert.failNotEquals(Assert.java:1037)
at org.testng.Assert.assertTrue(Assert.java:45)
at utils.KeyWords.clickElement(KeyWords.java:292)
at stepDefinitionFile.RequestGroup_SD.dummycode2(RequestGroup_SD.java:58)
at ✽.Create RG Screen is displayed(file:///C:/Users/shaik.hussain/git/HDAP2_PEGAUI_Automation/src/main/java/featureFile/RequestGroup.feature:11)
]]>
    </failure>
  </testcase> <!-- runScenario -->
  <system-out/>
</testsuite> <!-- testRunner.RunnerTestNG -->
