<?xml version="1.0" encoding="UTF-8"?>
<!-- Generated by org.testng.reporters.JUnitReportReporter -->
<testsuite hostname="DESKTOP-ITILOB1" failures="1" tests="1" name="testRunner.RunnerTestNG" time="6.929" errors="0" timestamp="2024-10-10T15:09:47 IST" skipped="0">
  <testcase classname="testRunner.RunnerTestNG" name="runScenario" time="6.929">
    <failure message="Not Able to Enter Text in WebElement:[[ChromeDriver: chrome on windows (5d72219dd02efcbd636c53c831c8a02a)] -&gt; xpath: //input[@id=&#039;txtUserID&#039;]]On Page: Login Page expected [true] but found [false]" type="java.lang.AssertionError">
      <![CDATA[java.lang.AssertionError: Not Able to Enter Text in WebElement:[[ChromeDriver: chrome on windows (5d72219dd02efcbd636c53c831c8a02a)] -> xpath: //input[@id='txtUserID']]On Page: Login Page expected [true] but found [false]
at org.testng.Assert.fail(Assert.java:111)
at org.testng.Assert.failNotEquals(Assert.java:1578)
at org.testng.Assert.assertTrue(Assert.java:57)
at utils.KeyWords.sendKeys(KeyWords.java:162)
at utils.KeyWords.loginApplicaiton(KeyWords.java:54)
at stepDefinitionFile.Common_Functions_Sd.te(Common_Functions_Sd.java:59)
at ✽.Launch the Application(file:///C:/Users/shaik.hussain/git/HDAP2_PEGAUI_Automation/src/main/java/featureFile/DQA_Task.feature:3)
]]>
    </failure>
  </testcase> <!-- runScenario -->
</testsuite> <!-- testRunner.RunnerTestNG -->
