<?xml version="1.0" encoding="UTF-8"?>
<!-- Generated by org.testng.reporters.JUnitReportReporter -->
<testsuite hostname="DESKTOP-ITILOB1" failures="1" tests="1" name="testRunner.RunnerTestNG" time="135.028" errors="0" timestamp="2024-02-01T16:40:20 IST" skipped="0">
  <testcase classname="testRunner.RunnerTestNG" name="runScenario" time="135.028">
    <failure message="Not Able Click WebElement:Proxy element for: DefaultElementLocator &#039;By.xpath: (//*[text()=&#039;Request Group Settings&#039;])[2]&#039;On Page: Retrieval portal expected [true] but found [false]" type="java.lang.AssertionError">
      <![CDATA[java.lang.AssertionError: Not Able Click WebElement:Proxy element for: DefaultElementLocator 'By.xpath: (//*[text()='Request Group Settings'])[2]'On Page: Retrieval portal expected [true] but found [false]
at org.testng.Assert.fail(Assert.java:99)
at org.testng.Assert.failNotEquals(Assert.java:1037)
at org.testng.Assert.assertTrue(Assert.java:45)
at utils.KeyWords.clickElement(KeyWords.java:296)
at stepDefinitionFile.ConfigureRequestGroupTask_SD.Click_on_the_Request_Group_Settings_Tab(ConfigureRequestGroupTask_SD.java:66)
at ✽.Click on the Request Group Settings Tab(file:///C:/Users/shaik.hussain/git/HDAP2_PEGAUI_Automation/src/main/java/featureFile/ConfigureRequestGroupTask.feature:22)
]]>
    </failure>
  </testcase> <!-- runScenario -->
  <system-out/>
</testsuite> <!-- testRunner.RunnerTestNG -->
