<?xml version="1.0" encoding="UTF-8"?>
<!-- Generated by org.testng.reporters.JUnitReportReporter -->
<testsuite hostname="DESKTOP-ITILOB1" failures="1" tests="1" name="testRunner.RunnerTestNG" time="97.546" errors="0" timestamp="2024-10-23T12:18:01 IST" skipped="0">
  <testcase classname="testRunner.RunnerTestNG" name="runScenario" time="97.546">
    <failure message="Not Able Click WebElement:[[ChromeDriver: chrome on windows (a43f99d78a74b246d9c1e69f817560cc)] -&gt; xpath: //input[@id=&#039;eeea0ea9&#039;]]On Page: Retrieval portal expected [true] but found [false]" type="java.lang.AssertionError">
      <![CDATA[java.lang.AssertionError: Not Able Click WebElement:[[ChromeDriver: chrome on windows (a43f99d78a74b246d9c1e69f817560cc)] -> xpath: //input[@id='eeea0ea9']]On Page: Retrieval portal expected [true] but found [false]
at org.testng.Assert.fail(Assert.java:111)
at org.testng.Assert.failNotEquals(Assert.java:1578)
at org.testng.Assert.assertTrue(Assert.java:57)
at utils.KeyWords.clickElement(KeyWords.java:316)
at stepDefinitionFile.Create_RG_Sd.EnterDataintheRequestGroupSettingssection(Create_RG_Sd.java:103)
at ✽.Enter Data in the  Request Group Settings section(file:///C:/Users/shaik.hussain/git/HDAP2_PEGAUI_Automation/src/main/java/featureFile/Create_RG.feature:13)
]]>
    </failure>
  </testcase> <!-- runScenario -->
</testsuite> <!-- testRunner.RunnerTestNG -->
