<?xml version="1.0" encoding="UTF-8"?>
<!-- Generated by org.testng.reporters.JUnitReportReporter -->
<testsuite hostname="SMMR" failures="1" tests="1" name="testRunner.RunnerTestNG" time="209.715" errors="0" timestamp="2024-10-23T17:50:36 IST" skipped="0">
  <testcase classname="testRunner.RunnerTestNG" name="runScenario" time="209.715">
    <failure message="WebElement is Not Visible with Xpath:[[ChromeDriver: chrome on windows (6e36deaadb9da180a2bc83885181a903)] -&gt; xpath: //input[@id=&#039;f295d67c&#039;]]. On Page title: Retrieval portal . expected [true] but found [false]" type="java.lang.AssertionError">
      <![CDATA[java.lang.AssertionError: WebElement is Not Visible with Xpath:[[ChromeDriver: chrome on windows (6e36deaadb9da180a2bc83885181a903)] -> xpath: //input[@id='f295d67c']]. On Page title: Retrieval portal . expected [true] but found [false]
at org.testng.Assert.fail(Assert.java:111)
at org.testng.Assert.failNotEquals(Assert.java:1578)
at org.testng.Assert.assertTrue(Assert.java:57)
at utils.KeyWords.explicitWait_Until_ElementDisplayed(KeyWords.java:498)
at stepDefinitionFile.Create_RG_Sd.EnterDataintheRequestGroupSettingssectionwithSendPreferenceofEmail(Create_RG_Sd.java:192)
at ✽.Enter Data in the  Request Group Settings section with SendPreference of Email(file:///C:/Users/hi/git/HDAP2_PEGAUI_Automation/src/main/java/featureFile/Create_RG.feature:25)
]]>
    </failure>
  </testcase> <!-- runScenario -->
</testsuite> <!-- testRunner.RunnerTestNG -->
