<?xml version="1.0" encoding="UTF-8"?>
<!-- Generated by org.testng.reporters.JUnitReportReporter -->
<testsuite hostname="SMMR" failures="1" tests="1" name="testRunner.RunnerTestNG" time="125.091" errors="0" timestamp="2024-10-22T17:20:33 IST" skipped="0">
  <testcase classname="testRunner.RunnerTestNG" name="runScenario" time="125.091">
    <failure message="Not Able Click WebElement:[[ChromeDriver: chrome on windows (acba47e4c330b96dbb46d4f5c98933d1)] -&gt; xpath: //h2[text()=&#039;Customer account summary&#039;]]On Page: Retrieval portal expected [true] but found [false]" type="java.lang.AssertionError">
      <![CDATA[java.lang.AssertionError: Not Able Click WebElement:[[ChromeDriver: chrome on windows (acba47e4c330b96dbb46d4f5c98933d1)] -> xpath: //h2[text()='Customer account summary']]On Page: Retrieval portal expected [true] but found [false]
at org.testng.Assert.fail(Assert.java:111)
at org.testng.Assert.failNotEquals(Assert.java:1578)
at org.testng.Assert.assertTrue(Assert.java:57)
at utils.KeyWords.clickElement(KeyWords.java:316)
at stepDefinitionFile.Create_RG_Sd.AddaSingleContact(Create_RG_Sd.java:78)
at ✽.Under Contact section Add a Single Contact(file:///C:/Users/hi/git/HDAP2_PEGAUI_Automation/src/main/java/featureFile/Create_RG.feature:12)
]]>
    </failure>
  </testcase> <!-- runScenario -->
</testsuite> <!-- testRunner.RunnerTestNG -->
